[2021-11-29 15:06:24,064][src.init][INFO] - Custom_LeNet(
  (norm): Normalize()
  (img): Identity()
  (conv1): Conv2d(1, 32, kernel_size=(5, 5), stride=(1, 1), padding=(2, 2), bias=False)
  (dn): DivisiveNormalization2d(b_type=linf, b_size=(5, 5), sigma=0.1)
  (relu1): ReLU()
  (conv2): Conv2d(32, 64, kernel_size=(5, 5), stride=(1, 1), padding=(2, 2), bias=False)
  (relu2): ReLU()
  (fc1): Linear(in_features=3136, out_features=100, bias=False)
  (relu3): TReLU(100)
  (fc2): Linear(in_features=100, out_features=10, bias=True)
)
[2021-11-29 15:06:24,065][src.init][INFO] - Adam (
Parameter Group 0
    amsgrad: False
    betas: (0.9, 0.999)
    eps: 1e-08
    lr: 0.001
    weight_decay: 0.0
)
[2021-11-29 15:06:24,065][src.init][INFO] - None
[2021-11-29 15:06:24,066][src.init][INFO] -  Number of total trainable parameters: 366610
[2021-11-29 15:06:30,491][src.init][INFO] - 1 	 6 	 -0.1261 	 0.8523
[2021-11-29 15:06:37,101][src.init][INFO] - 2 	 7 	 -0.7396 	 0.9497
[2021-11-29 15:06:43,337][src.init][INFO] - 3 	 6 	 -0.8628 	 0.9628
[2021-11-29 15:06:49,489][src.init][INFO] - 4 	 6 	 -0.9206 	 0.9688
[2021-11-29 15:06:55,314][src.init][INFO] - 5 	 6 	 -0.9541 	 0.9730
[2021-11-29 15:07:01,186][src.init][INFO] - 6 	 6 	 -0.9777 	 0.9758
[2021-11-29 15:07:07,216][src.init][INFO] - 7 	 6 	 -0.9956 	 0.9784
[2021-11-29 15:07:13,120][src.init][INFO] - 8 	 6 	 -1.0062 	 0.9792
[2021-11-29 15:07:18,788][src.init][INFO] - 9 	 6 	 -1.0141 	 0.9801
[2021-11-29 15:07:24,720][src.init][INFO] - 10 	 6 	 -1.0204 	 0.9812
[2021-11-29 15:07:25,452][src.init][INFO] - Test  	 loss: 0.0592 	 acc: 0.9814
[2021-11-29 15:07:31,343][src.init][INFO] - 11 	 6 	 -1.0304 	 0.9830
[2021-11-29 15:07:37,523][src.init][INFO] - 12 	 6 	 -1.0371 	 0.9841
[2021-11-29 15:07:47,412][src.init][INFO] - 13 	 10 	 -1.0400 	 0.9842
[2021-11-29 15:07:57,479][src.init][INFO] - 14 	 10 	 -1.0476 	 0.9855
[2021-11-29 15:08:06,970][src.init][INFO] - 15 	 9 	 -1.0499 	 0.9858
[2021-11-29 15:08:16,795][src.init][INFO] - 16 	 10 	 -1.0561 	 0.9873
[2021-11-29 15:08:27,099][src.init][INFO] - 17 	 10 	 -1.0561 	 0.9866
[2021-11-29 15:08:35,273][src.init][INFO] - 18 	 8 	 -1.0596 	 0.9871
[2021-11-29 15:08:41,000][src.init][INFO] - 19 	 6 	 -1.0669 	 0.9889
[2021-11-29 15:08:46,963][src.init][INFO] - 20 	 6 	 -1.0689 	 0.9897
[2021-11-29 15:08:47,729][src.init][INFO] - Test  	 loss: 0.0510 	 acc: 0.9839
[2021-11-29 15:08:52,783][src.init][INFO] - 21 	 5 	 -1.0698 	 0.9893
[2021-11-29 15:08:58,632][src.init][INFO] - 22 	 6 	 -1.0720 	 0.9895
[2021-11-29 15:09:04,547][src.init][INFO] - 23 	 6 	 -1.0740 	 0.9899
[2021-11-29 15:09:10,743][src.init][INFO] - 24 	 6 	 -1.0764 	 0.9902
[2021-11-29 15:09:16,810][src.init][INFO] - 25 	 6 	 -1.0809 	 0.9917
[2021-11-29 15:09:22,842][src.init][INFO] - 26 	 6 	 -1.0776 	 0.9907
[2021-11-29 15:09:29,024][src.init][INFO] - 27 	 6 	 -1.0835 	 0.9918
[2021-11-29 15:09:34,850][src.init][INFO] - 28 	 6 	 -1.0844 	 0.9918
[2021-11-29 15:09:40,769][src.init][INFO] - 29 	 6 	 -1.0827 	 0.9911
[2021-11-29 15:09:46,732][src.init][INFO] - 30 	 6 	 -1.0902 	 0.9934
[2021-11-29 15:09:47,458][src.init][INFO] - Test  	 loss: 0.0699 	 acc: 0.9815
[2021-11-29 15:09:53,306][src.init][INFO] - 31 	 6 	 -1.0888 	 0.9925
[2021-11-29 15:09:59,311][src.init][INFO] - 32 	 6 	 -1.0877 	 0.9920
[2021-11-29 15:10:05,256][src.init][INFO] - 33 	 6 	 -1.0880 	 0.9922
[2021-11-29 15:10:11,165][src.init][INFO] - 34 	 6 	 -1.0914 	 0.9931
[2021-11-29 15:10:17,056][src.init][INFO] - 35 	 6 	 -1.0917 	 0.9932
[2021-11-29 15:10:22,793][src.init][INFO] - 36 	 6 	 -1.0940 	 0.9937
[2021-11-29 15:10:28,644][src.init][INFO] - 37 	 6 	 -1.0950 	 0.9939
[2021-11-29 15:10:35,002][src.init][INFO] - 38 	 6 	 -1.0945 	 0.9935
[2021-11-29 15:10:41,455][src.init][INFO] - 39 	 6 	 -1.0967 	 0.9939
[2021-11-29 15:10:47,746][src.init][INFO] - 40 	 6 	 -1.0959 	 0.9936
[2021-11-29 15:10:48,472][src.init][INFO] - Test  	 loss: 0.0686 	 acc: 0.9810
[2021-11-29 15:11:25,168][src.init][INFO] - Saved to /home/metehan/hebbian/checkpoints/classifiers/mnist/Custom_LeNet_l1_adam_none_0.0010_hebbian_1.0_hebbian_1.0_ep_40.pt
