[2021-11-12 12:20:28,359][src.init][INFO] - T_LeNet(
  (img): Identity()
  (conv1): Conv2d(1, 50, kernel_size=(5, 5), stride=(1, 1), padding=(2, 2), bias=False)
  (relu1): ReLU()
  (conv2): Conv2d(50, 64, kernel_size=(5, 5), stride=(1, 1), padding=(2, 2), bias=False)
  (relu2): ReLU()
  (fc1): Linear(in_features=3136, out_features=100, bias=False)
  (relu3): TReLU(100)
  (fc2): Linear(in_features=100, out_features=10, bias=True)
)
[2021-11-12 12:20:28,360][src.init][INFO] - Adam (
Parameter Group 0
    amsgrad: False
    betas: (0.9, 0.999)
    eps: 1e-08
    lr: 0.001
    weight_decay: 0.0
)
[2021-11-12 12:20:28,360][src.init][INFO] - None
[2021-11-12 12:20:28,360][src.init][INFO] -  Number of total trainable parameters: 395860
[2021-11-12 12:20:35,759][src.init][INFO] - 1 	 7 	 -301.0002 	 0.8374
[2021-11-12 12:20:41,392][src.init][INFO] - 2 	 6 	 -846.2552 	 0.8713
[2021-11-12 12:20:47,365][src.init][INFO] - 3 	 6 	 -1339.0676 	 0.8935
[2021-11-12 12:20:53,018][src.init][INFO] - 4 	 6 	 -1823.1716 	 0.9012
[2021-11-12 12:20:58,613][src.init][INFO] - 5 	 6 	 -2303.6631 	 0.8960
[2021-11-12 12:21:04,503][src.init][INFO] - 6 	 6 	 -2782.4652 	 0.9043
[2021-11-12 12:21:10,369][src.init][INFO] - 7 	 6 	 -3259.8611 	 0.7953
[2021-11-12 12:21:16,050][src.init][INFO] - 8 	 6 	 -3737.1129 	 0.8073
[2021-11-12 12:21:21,699][src.init][INFO] - 9 	 6 	 -4214.0212 	 0.8330
[2021-11-12 12:21:27,348][src.init][INFO] - 10 	 6 	 -4690.7524 	 0.8641
[2021-11-12 12:21:29,289][src.init][INFO] - Test  	 loss: 0.4231 	 acc: 0.8765
[2021-11-12 12:21:34,872][src.init][INFO] - 11 	 6 	 -5167.1100 	 0.8620
[2021-11-12 12:21:40,480][src.init][INFO] - 12 	 6 	 -5643.4635 	 0.8759
[2021-11-12 12:21:46,173][src.init][INFO] - 13 	 6 	 -6119.7770 	 0.8690
[2021-11-12 12:21:51,761][src.init][INFO] - 14 	 6 	 -6596.1379 	 0.8813
[2021-11-12 12:21:57,621][src.init][INFO] - 15 	 6 	 -7072.4747 	 0.8848
[2021-11-12 12:22:04,079][src.init][INFO] - 16 	 6 	 -7548.7284 	 0.8668
[2021-11-12 12:22:10,442][src.init][INFO] - 17 	 6 	 -8025.0984 	 0.8777
[2021-11-12 12:22:16,090][src.init][INFO] - 18 	 6 	 -8501.3625 	 0.8827
[2021-11-12 12:22:21,701][src.init][INFO] - 19 	 6 	 -8977.6357 	 0.8892
[2021-11-12 12:22:27,271][src.init][INFO] - 20 	 6 	 -9453.8392 	 0.8766
[2021-11-12 12:22:28,004][src.init][INFO] - Test  	 loss: 0.4240 	 acc: 0.8839
