[2021-11-12 13:21:11,880][src.init][INFO] - T_LeNet(
  (img): Identity()
  (conv1): Conv2d(1, 50, kernel_size=(5, 5), stride=(1, 1), padding=(2, 2), bias=False)
  (relu1): ReLU()
  (conv2): Conv2d(50, 64, kernel_size=(5, 5), stride=(1, 1), padding=(2, 2), bias=False)
  (relu2): ReLU()
  (fc1): Linear(in_features=3136, out_features=100, bias=False)
  (relu3): TReLU(100)
  (fc2): Linear(in_features=100, out_features=10, bias=True)
)
[2021-11-12 13:21:11,880][src.init][INFO] - Adam (
Parameter Group 0
    amsgrad: False
    betas: (0.9, 0.999)
    eps: 1e-08
    lr: 0.001
    weight_decay: 0.0
)
[2021-11-12 13:21:11,881][src.init][INFO] - None
[2021-11-12 13:21:11,881][src.init][INFO] -  Number of total trainable parameters: 395860
[2021-11-12 13:21:19,516][src.init][INFO] - 1 	 8 	 -301.0301 	 0.8415
[2021-11-12 13:21:25,228][src.init][INFO] - 2 	 6 	 -846.2490 	 0.8759
[2021-11-12 13:21:30,826][src.init][INFO] - 3 	 6 	 -1339.0822 	 0.9020
[2021-11-12 13:21:36,604][src.init][INFO] - 4 	 6 	 -1823.1792 	 0.9074
[2021-11-12 13:21:42,292][src.init][INFO] - 5 	 6 	 -2303.6500 	 0.8980
[2021-11-12 13:21:48,152][src.init][INFO] - 6 	 6 	 -2782.4874 	 0.9132
[2021-11-12 13:21:54,077][src.init][INFO] - 7 	 6 	 -3260.0389 	 0.8666
[2021-11-12 13:22:00,536][src.init][INFO] - 8 	 6 	 -3737.3514 	 0.8926
[2021-11-12 13:22:06,991][src.init][INFO] - 9 	 6 	 -4214.2292 	 0.9019
[2021-11-12 13:22:13,478][src.init][INFO] - 10 	 6 	 -4690.8103 	 0.9009
[2021-11-12 13:22:15,081][src.init][INFO] - Test  	 loss: 0.2908 	 acc: 0.9153
[2021-11-12 13:22:21,478][src.init][INFO] - 11 	 6 	 -5167.1831 	 0.8989
[2021-11-12 13:22:27,911][src.init][INFO] - 12 	 6 	 -5643.4910 	 0.9009
[2021-11-12 13:22:34,394][src.init][INFO] - 13 	 6 	 -6119.7375 	 0.8770
[2021-11-12 13:22:40,838][src.init][INFO] - 14 	 6 	 -6595.9259 	 0.8653
[2021-11-12 13:22:46,447][src.init][INFO] - 15 	 6 	 -7072.3835 	 0.8829
[2021-11-12 13:22:52,080][src.init][INFO] - 16 	 6 	 -7548.7549 	 0.8901
[2021-11-12 13:22:57,709][src.init][INFO] - 17 	 6 	 -8025.0953 	 0.8941
[2021-11-12 13:23:03,346][src.init][INFO] - 18 	 6 	 -8501.3808 	 0.9007
[2021-11-12 13:23:09,098][src.init][INFO] - 19 	 6 	 -8977.5790 	 0.8895
[2021-11-12 13:23:14,680][src.init][INFO] - 20 	 6 	 -9452.9963 	 0.5014
[2021-11-12 13:23:15,401][src.init][INFO] - Test  	 loss: 1.6037 	 acc: 0.3727
[2021-11-12 13:23:21,070][src.init][INFO] - 21 	 6 	 -9929.1737 	 0.4458
[2021-11-12 13:23:26,759][src.init][INFO] - 22 	 6 	 -10405.3945 	 0.4984
[2021-11-12 13:23:32,459][src.init][INFO] - 23 	 6 	 -10881.6833 	 0.5559
[2021-11-12 13:23:38,019][src.init][INFO] - 24 	 6 	 -11358.1031 	 0.6038
[2021-11-12 13:23:43,671][src.init][INFO] - 25 	 6 	 -11834.4099 	 0.6198
[2021-11-12 13:23:49,306][src.init][INFO] - 26 	 6 	 -12310.6693 	 0.6423
[2021-11-12 13:23:54,984][src.init][INFO] - 27 	 6 	 -12786.8697 	 0.6552
[2021-11-12 13:24:00,547][src.init][INFO] - 28 	 6 	 -13263.1273 	 0.6659
[2021-11-12 13:24:06,164][src.init][INFO] - 29 	 6 	 -13739.3974 	 0.6647
[2021-11-12 13:24:11,830][src.init][INFO] - 30 	 6 	 -14215.7627 	 0.6813
[2021-11-12 13:24:12,555][src.init][INFO] - Test  	 loss: 1.0019 	 acc: 0.6321
[2021-11-12 13:24:18,366][src.init][INFO] - 31 	 6 	 -14691.9871 	 0.6834
[2021-11-12 13:24:24,177][src.init][INFO] - 32 	 6 	 -15168.2407 	 0.6825
[2021-11-12 13:24:30,637][src.init][INFO] - 33 	 6 	 -15644.5892 	 0.6705
[2021-11-12 13:24:37,094][src.init][INFO] - 34 	 6 	 -16120.8810 	 0.7022
[2021-11-12 13:24:42,873][src.init][INFO] - 35 	 6 	 -16597.0347 	 0.6872
[2021-11-12 13:24:48,511][src.init][INFO] - 36 	 6 	 -17073.4634 	 0.6862
[2021-11-12 13:24:54,188][src.init][INFO] - 37 	 6 	 -17549.7586 	 0.7051
[2021-11-12 13:24:59,786][src.init][INFO] - 38 	 6 	 -18025.9484 	 0.6952
[2021-11-12 13:25:05,424][src.init][INFO] - 39 	 6 	 -18502.1792 	 0.6950
[2021-11-12 13:25:11,124][src.init][INFO] - 40 	 6 	 -18978.4258 	 0.7016
[2021-11-12 13:25:11,855][src.init][INFO] - Test  	 loss: 0.7127 	 acc: 0.7285
