[2021-11-10 18:08:28,033][src.init][INFO] - T_LeNet(
  (img): Identity()
  (conv1): Conv2d(1, 50, kernel_size=(5, 5), stride=(1, 1), padding=(2, 2), bias=False)
  (relu1): ReLU()
  (conv2): Conv2d(50, 64, kernel_size=(5, 5), stride=(1, 1), padding=(2, 2), bias=False)
  (relu2): TReLU(64)
  (fc1): Linear(in_features=3136, out_features=100, bias=False)
  (relu3): TReLU(100)
  (fc2): Linear(in_features=100, out_features=10, bias=True)
)
[2021-11-10 18:08:28,034][src.init][INFO] - Adam (
Parameter Group 0
    amsgrad: False
    betas: (0.9, 0.999)
    eps: 1e-08
    lr: 0.001
    weight_decay: 0.0
)
[2021-11-10 18:08:28,034][src.init][INFO] - None
[2021-11-10 18:08:28,034][src.init][INFO] -  Number of total trainable parameters: 395860
[2021-11-10 18:08:34,026][src.init][INFO] - 1 	 6 	 -0.5516 	 0.9429
[2021-11-10 18:08:40,405][src.init][INFO] - 2 	 6 	 -0.7605 	 0.9805
[2021-11-10 18:08:45,947][src.init][INFO] - 3 	 6 	 -0.7839 	 0.9861
[2021-11-10 18:08:51,402][src.init][INFO] - 4 	 5 	 -0.7933 	 0.9879
[2021-11-10 18:08:56,903][src.init][INFO] - 5 	 5 	 -0.8015 	 0.9898
[2021-11-10 18:09:02,355][src.init][INFO] - 6 	 5 	 -0.8069 	 0.9909
[2021-11-10 18:09:07,862][src.init][INFO] - 7 	 6 	 -0.8121 	 0.9923
[2021-11-10 18:09:13,558][src.init][INFO] - 8 	 6 	 -0.8158 	 0.9930
[2021-11-10 18:09:19,024][src.init][INFO] - 9 	 5 	 -0.8172 	 0.9938
[2021-11-10 18:09:24,449][src.init][INFO] - 10 	 5 	 -0.8200 	 0.9942
[2021-11-10 18:09:25,309][src.init][INFO] - Test  	 loss: 0.0313 	 acc: 0.9907
[2021-11-10 18:09:30,879][src.init][INFO] - 11 	 6 	 -0.8204 	 0.9942
[2021-11-10 18:09:36,441][src.init][INFO] - 12 	 6 	 -0.8245 	 0.9953
[2021-11-10 18:09:42,097][src.init][INFO] - 13 	 6 	 -0.8250 	 0.9953
[2021-11-10 18:09:47,590][src.init][INFO] - 14 	 5 	 -0.8234 	 0.9948
[2021-11-10 18:09:53,009][src.init][INFO] - 15 	 5 	 -0.8265 	 0.9957
[2021-11-10 18:09:58,467][src.init][INFO] - 16 	 5 	 -0.8283 	 0.9961
[2021-11-10 18:10:04,092][src.init][INFO] - 17 	 6 	 -0.8283 	 0.9964
[2021-11-10 18:10:09,520][src.init][INFO] - 18 	 5 	 -0.8295 	 0.9966
[2021-11-10 18:10:14,966][src.init][INFO] - 19 	 5 	 -0.8286 	 0.9964
[2021-11-10 18:10:20,442][src.init][INFO] - 20 	 5 	 -0.8298 	 0.9968
[2021-11-10 18:10:21,166][src.init][INFO] - Test  	 loss: 0.0457 	 acc: 0.9893
