[2021-11-29 14:28:36,483][src.init][INFO] - Custom_LeNet(
  (norm): Normalize()
  (img): Identity()
  (conv1): Conv2d(1, 32, kernel_size=(5, 5), stride=(1, 1), padding=(2, 2), bias=False)
  (dn): DivisiveNormalization2d(b_type=linf, b_size=(5, 5), sigma=0.1)
  (relu1): ReLU()
  (conv2): Conv2d(32, 64, kernel_size=(5, 5), stride=(1, 1), padding=(2, 2), bias=False)
  (relu2): ReLU()
  (fc1): Linear(in_features=3136, out_features=100, bias=False)
  (relu3): TReLU(100)
  (fc2): Linear(in_features=100, out_features=10, bias=True)
)
[2021-11-29 14:28:36,484][src.init][INFO] - Adam (
Parameter Group 0
    amsgrad: False
    betas: (0.9, 0.999)
    eps: 1e-08
    lr: 0.001
    weight_decay: 0.0
)
[2021-11-29 14:28:36,485][src.init][INFO] - None
[2021-11-29 14:28:36,485][src.init][INFO] -  Number of total trainable parameters: 366610
[2021-11-29 14:28:41,984][src.init][INFO] - 1 	 5 	 -0.4817 	 0.8990
[2021-11-29 14:28:47,368][src.init][INFO] - 2 	 5 	 -1.0016 	 0.9715
[2021-11-29 14:28:52,715][src.init][INFO] - 3 	 5 	 -1.0812 	 0.9781
[2021-11-29 14:28:58,144][src.init][INFO] - 4 	 5 	 -1.1204 	 0.9825
[2021-11-29 14:29:03,610][src.init][INFO] - 5 	 5 	 -1.1370 	 0.9848
[2021-11-29 14:29:09,347][src.init][INFO] - 6 	 6 	 -1.1479 	 0.9867
[2021-11-29 14:29:14,971][src.init][INFO] - 7 	 6 	 -1.1557 	 0.9880
[2021-11-29 14:29:22,628][src.init][INFO] - 8 	 8 	 -1.1625 	 0.9898
[2021-11-29 14:29:32,908][src.init][INFO] - 9 	 10 	 -1.1659 	 0.9906
[2021-11-29 14:29:41,071][src.init][INFO] - 10 	 8 	 -1.1712 	 0.9921
[2021-11-29 14:29:42,814][src.init][INFO] - Test  	 loss: 0.0394 	 acc: 0.9863
[2021-11-29 14:29:52,603][src.init][INFO] - 11 	 10 	 -1.1751 	 0.9930
[2021-11-29 14:30:02,714][src.init][INFO] - 12 	 10 	 -1.1768 	 0.9931
[2021-11-29 14:30:12,289][src.init][INFO] - 13 	 10 	 -1.1800 	 0.9939
[2021-11-29 14:30:22,334][src.init][INFO] - 14 	 10 	 -1.1842 	 0.9952
[2021-11-29 14:30:28,509][src.init][INFO] - 15 	 6 	 -1.1853 	 0.9956
[2021-11-29 14:30:35,321][src.init][INFO] - 16 	 7 	 -1.1884 	 0.9964
[2021-11-29 14:30:45,730][src.init][INFO] - 17 	 10 	 -1.1891 	 0.9963
[2021-11-29 14:30:55,510][src.init][INFO] - 18 	 10 	 -1.1900 	 0.9966
[2021-11-29 14:31:05,259][src.init][INFO] - 19 	 10 	 -1.1916 	 0.9971
[2021-11-29 14:31:15,526][src.init][INFO] - 20 	 10 	 -1.1928 	 0.9976
[2021-11-29 14:31:17,309][src.init][INFO] - Test  	 loss: 0.0365 	 acc: 0.9892
[2021-11-29 14:31:27,351][src.init][INFO] - 21 	 10 	 -1.1938 	 0.9978
[2021-11-29 14:31:36,564][src.init][INFO] - 22 	 9 	 -1.1931 	 0.9975
[2021-11-29 14:31:43,269][src.init][INFO] - 23 	 7 	 -1.1946 	 0.9979
[2021-11-29 14:31:48,508][src.init][INFO] - 24 	 5 	 -1.1952 	 0.9982
[2021-11-29 14:31:54,244][src.init][INFO] - 25 	 6 	 -1.1948 	 0.9978
[2021-11-29 14:31:59,864][src.init][INFO] - 26 	 6 	 -1.1966 	 0.9986
[2021-11-29 14:32:05,128][src.init][INFO] - 27 	 5 	 -1.1981 	 0.9990
[2021-11-29 14:32:10,707][src.init][INFO] - 28 	 6 	 -1.1986 	 0.9993
[2021-11-29 14:32:15,810][src.init][INFO] - 29 	 5 	 -1.1943 	 0.9975
[2021-11-29 14:32:21,608][src.init][INFO] - 30 	 6 	 -1.1988 	 0.9993
[2021-11-29 14:32:22,526][src.init][INFO] - Test  	 loss: 0.0388 	 acc: 0.9899
[2021-11-29 14:32:27,836][src.init][INFO] - 31 	 5 	 -1.1995 	 0.9995
[2021-11-29 14:32:33,295][src.init][INFO] - 32 	 5 	 -1.1961 	 0.9981
[2021-11-29 14:32:38,557][src.init][INFO] - 33 	 5 	 -1.1990 	 0.9993
[2021-11-29 14:32:43,673][src.init][INFO] - 34 	 5 	 -1.1995 	 0.9996
[2021-11-29 14:32:49,397][src.init][INFO] - 35 	 6 	 -1.1989 	 0.9992
[2021-11-29 14:32:54,650][src.init][INFO] - 36 	 5 	 -1.1977 	 0.9987
[2021-11-29 14:33:00,107][src.init][INFO] - 37 	 5 	 -1.1984 	 0.9990
[2021-11-29 14:33:05,371][src.init][INFO] - 38 	 5 	 -1.2011 	 0.9999
[2021-11-29 14:33:10,478][src.init][INFO] - 39 	 5 	 -1.2016 	 1.0000
[2021-11-29 14:33:16,061][src.init][INFO] - 40 	 6 	 -1.2017 	 1.0000
[2021-11-29 14:33:16,874][src.init][INFO] - Test  	 loss: 0.0423 	 acc: 0.9907
[2021-11-29 14:33:43,773][src.init][INFO] - Saved to /home/metehan/hebbian/checkpoints/classifiers/mnist/Custom_LeNet_norm_l1_adam_none_0.0010_hebbian_1.0_ep_40.pt
