[2021-11-12 13:49:24,034][src.init][INFO] - T_LeNet(
  (img): Identity()
  (conv1): Conv2d(1, 50, kernel_size=(5, 5), stride=(1, 1), padding=(2, 2), bias=False)
  (relu1): ReLU()
  (conv2): Conv2d(50, 64, kernel_size=(5, 5), stride=(1, 1), padding=(2, 2), bias=False)
  (relu2): ReLU()
  (fc1): Linear(in_features=3136, out_features=100, bias=False)
  (relu3): TReLU(100)
  (fc2): Linear(in_features=100, out_features=10, bias=True)
)
[2021-11-12 13:49:24,035][src.init][INFO] - Adam (
Parameter Group 0
    amsgrad: False
    betas: (0.9, 0.999)
    eps: 1e-08
    lr: 0.001
    weight_decay: 0.0
)
[2021-11-12 13:49:24,035][src.init][INFO] - None
[2021-11-12 13:49:24,035][src.init][INFO] -  Number of total trainable parameters: 395860
[2021-11-12 13:49:31,545][src.init][INFO] - 1 	 8 	 -300.6460 	 0.8521
[2021-11-12 13:49:37,299][src.init][INFO] - 2 	 6 	 -845.4947 	 0.8815
[2021-11-12 13:49:43,124][src.init][INFO] - 3 	 6 	 -1338.1963 	 0.9062
[2021-11-12 13:49:48,782][src.init][INFO] - 4 	 6 	 -1822.1788 	 0.8961
[2021-11-12 13:49:54,481][src.init][INFO] - 5 	 6 	 -2302.7051 	 0.9093
[2021-11-12 13:50:00,158][src.init][INFO] - 6 	 6 	 -2781.4810 	 0.9122
[2021-11-12 13:50:06,021][src.init][INFO] - 7 	 6 	 -3259.1705 	 0.9026
[2021-11-12 13:50:11,829][src.init][INFO] - 8 	 6 	 -3736.4047 	 0.9118
[2021-11-12 13:50:17,577][src.init][INFO] - 9 	 6 	 -4213.2799 	 0.9205
[2021-11-12 13:50:23,266][src.init][INFO] - 10 	 6 	 -4689.8207 	 0.9085
[2021-11-12 13:50:24,351][src.init][INFO] - Test  	 loss: 0.2708 	 acc: 0.9211
[2021-11-12 13:50:30,028][src.init][INFO] - 11 	 6 	 -5166.2230 	 0.9154
[2021-11-12 13:50:35,717][src.init][INFO] - 12 	 6 	 -5642.4703 	 0.9039
[2021-11-12 13:50:41,404][src.init][INFO] - 13 	 6 	 -6118.8357 	 0.9143
[2021-11-12 13:50:47,084][src.init][INFO] - 14 	 6 	 -6595.1010 	 0.9014
[2021-11-12 13:50:52,750][src.init][INFO] - 15 	 6 	 -7070.9906 	 0.7763
[2021-11-12 13:50:58,474][src.init][INFO] - 16 	 6 	 -7547.5943 	 0.8719
[2021-11-12 13:51:04,156][src.init][INFO] - 17 	 6 	 -8024.0424 	 0.8938
[2021-11-12 13:51:09,835][src.init][INFO] - 18 	 6 	 -8500.3045 	 0.8922
[2021-11-12 13:51:15,486][src.init][INFO] - 19 	 6 	 -8976.5148 	 0.8854
[2021-11-12 13:51:21,392][src.init][INFO] - 20 	 6 	 -9452.8002 	 0.8901
[2021-11-12 13:51:22,114][src.init][INFO] - Test  	 loss: 0.7892 	 acc: 0.7312
[2021-11-12 13:51:28,510][src.init][INFO] - 21 	 6 	 -9928.9450 	 0.8902
[2021-11-12 13:51:34,951][src.init][INFO] - 22 	 6 	 -10405.1629 	 0.9051
[2021-11-12 13:51:41,387][src.init][INFO] - 23 	 6 	 -10881.3067 	 0.8918
[2021-11-12 13:51:47,847][src.init][INFO] - 24 	 6 	 -11357.6640 	 0.8969
[2021-11-12 13:51:54,290][src.init][INFO] - 25 	 6 	 -11833.7593 	 0.8601
[2021-11-12 13:52:00,740][src.init][INFO] - 26 	 6 	 -12310.2475 	 0.9144
[2021-11-12 13:52:07,180][src.init][INFO] - 27 	 6 	 -12786.3382 	 0.8964
[2021-11-12 13:52:13,594][src.init][INFO] - 28 	 6 	 -13262.3935 	 0.8599
[2021-11-12 13:52:20,029][src.init][INFO] - 29 	 6 	 -13738.4073 	 0.7311
[2021-11-12 13:52:26,443][src.init][INFO] - 30 	 6 	 -14214.9787 	 0.8107
[2021-11-12 13:52:27,164][src.init][INFO] - Test  	 loss: 0.4101 	 acc: 0.8974
[2021-11-12 13:52:33,625][src.init][INFO] - 31 	 6 	 -14691.2527 	 0.8315
[2021-11-12 13:52:39,564][src.init][INFO] - 32 	 6 	 -15167.5203 	 0.8387
[2021-11-12 13:52:45,182][src.init][INFO] - 33 	 6 	 -15643.8801 	 0.8353
[2021-11-12 13:52:50,837][src.init][INFO] - 34 	 6 	 -16120.0854 	 0.8364
[2021-11-12 13:52:56,444][src.init][INFO] - 35 	 6 	 -16596.2691 	 0.8385
[2021-11-12 13:53:01,999][src.init][INFO] - 36 	 6 	 -17072.7378 	 0.8491
[2021-11-12 13:53:07,618][src.init][INFO] - 37 	 6 	 -17549.0164 	 0.8574
[2021-11-12 13:53:13,246][src.init][INFO] - 38 	 6 	 -18025.1562 	 0.8390
[2021-11-12 13:53:18,851][src.init][INFO] - 39 	 6 	 -18501.4697 	 0.8562
[2021-11-12 13:53:24,572][src.init][INFO] - 40 	 6 	 -18977.6861 	 0.8543
[2021-11-12 13:53:25,298][src.init][INFO] - Test  	 loss: 0.5917 	 acc: 0.8655
