[2021-11-29 14:38:51,065][src.init][INFO] - Custom_LeNet(
  (norm): Normalize()
  (img): Identity()
  (conv1): Conv2d(1, 32, kernel_size=(5, 5), stride=(1, 1), padding=(2, 2), bias=False)
  (dn): DivisiveNormalization2d(b_type=linf, b_size=(5, 5), sigma=0.1)
  (relu1): ReLU()
  (conv2): Conv2d(32, 64, kernel_size=(5, 5), stride=(1, 1), padding=(2, 2), bias=False)
  (relu2): ReLU()
  (fc1): Linear(in_features=3136, out_features=100, bias=False)
  (relu3): TReLU(100)
  (fc2): Linear(in_features=100, out_features=10, bias=True)
)
[2021-11-29 14:38:51,067][src.init][INFO] - Adam (
Parameter Group 0
    amsgrad: False
    betas: (0.9, 0.999)
    eps: 1e-08
    lr: 0.001
    weight_decay: 0.0
)
[2021-11-29 14:38:51,067][src.init][INFO] - None
[2021-11-29 14:38:51,067][src.init][INFO] -  Number of total trainable parameters: 366610
[2021-11-29 14:38:56,423][src.init][INFO] - 1 	 5 	 -2.5791 	 0.9533
[2021-11-29 14:39:01,917][src.init][INFO] - 2 	 5 	 -3.0498 	 0.9829
[2021-11-29 14:39:07,576][src.init][INFO] - 3 	 6 	 -3.0766 	 0.9871
[2021-11-29 14:39:13,047][src.init][INFO] - 4 	 5 	 -3.0929 	 0.9902
[2021-11-29 14:39:18,821][src.init][INFO] - 5 	 6 	 -3.1033 	 0.9909
[2021-11-29 14:39:24,493][src.init][INFO] - 6 	 6 	 -3.1087 	 0.9923
[2021-11-29 14:39:30,308][src.init][INFO] - 7 	 6 	 -3.1171 	 0.9941
[2021-11-29 14:39:36,378][src.init][INFO] - 8 	 6 	 -3.1232 	 0.9937
[2021-11-29 14:39:42,187][src.init][INFO] - 9 	 6 	 -3.1270 	 0.9947
[2021-11-29 14:39:48,143][src.init][INFO] - 10 	 6 	 -3.1287 	 0.9950
[2021-11-29 14:39:49,151][src.init][INFO] - Test  	 loss: 0.0433 	 acc: 0.9886
[2021-11-29 14:39:54,862][src.init][INFO] - 11 	 6 	 -3.1309 	 0.9958
[2021-11-29 14:40:00,583][src.init][INFO] - 12 	 6 	 -3.1318 	 0.9963
[2021-11-29 14:40:06,363][src.init][INFO] - 13 	 6 	 -3.1335 	 0.9968
[2021-11-29 14:40:11,924][src.init][INFO] - 14 	 6 	 -3.1330 	 0.9962
[2021-11-29 14:40:17,661][src.init][INFO] - 15 	 6 	 -3.1345 	 0.9968
[2021-11-29 14:40:23,605][src.init][INFO] - 16 	 6 	 -3.1350 	 0.9972
[2021-11-29 14:40:30,952][src.init][INFO] - 17 	 7 	 -3.1354 	 0.9974
[2021-11-29 14:40:37,079][src.init][INFO] - 18 	 6 	 -3.1361 	 0.9975
[2021-11-29 14:40:44,448][src.init][INFO] - 19 	 7 	 -3.1359 	 0.9977
[2021-11-29 14:40:50,066][src.init][INFO] - 20 	 6 	 -3.1373 	 0.9980
[2021-11-29 14:40:50,840][src.init][INFO] - Test  	 loss: 0.0503 	 acc: 0.9876
[2021-11-29 14:40:58,725][src.init][INFO] - 21 	 8 	 -3.1372 	 0.9979
[2021-11-29 14:41:08,762][src.init][INFO] - 22 	 10 	 -3.1383 	 0.9982
[2021-11-29 14:41:19,231][src.init][INFO] - 23 	 10 	 -3.1351 	 0.9974
[2021-11-29 14:41:29,717][src.init][INFO] - 24 	 10 	 -3.1386 	 0.9984
[2021-11-29 14:41:40,639][src.init][INFO] - 25 	 11 	 -3.1399 	 0.9988
[2021-11-29 14:41:50,361][src.init][INFO] - 26 	 10 	 -3.1402 	 0.9988
[2021-11-29 14:41:58,746][src.init][INFO] - 27 	 8 	 -3.1366 	 0.9980
[2021-11-29 14:42:04,426][src.init][INFO] - 28 	 6 	 -3.1370 	 0.9979
[2021-11-29 14:42:09,991][src.init][INFO] - 29 	 6 	 -3.1403 	 0.9991
[2021-11-29 14:42:15,650][src.init][INFO] - 30 	 6 	 -3.1410 	 0.9992
[2021-11-29 14:42:16,412][src.init][INFO] - Test  	 loss: 0.0653 	 acc: 0.9884
[2021-11-29 14:42:21,873][src.init][INFO] - 31 	 5 	 -3.1370 	 0.9980
[2021-11-29 14:42:27,408][src.init][INFO] - 32 	 6 	 -3.1397 	 0.9988
[2021-11-29 14:42:33,278][src.init][INFO] - 33 	 6 	 -3.1379 	 0.9981
[2021-11-29 14:42:38,900][src.init][INFO] - 34 	 6 	 -3.1392 	 0.9986
[2021-11-29 14:42:45,763][src.init][INFO] - 35 	 7 	 -3.1429 	 0.9998
[2021-11-29 14:42:56,175][src.init][INFO] - 36 	 10 	 -3.1437 	 1.0000
[2021-11-29 14:43:05,843][src.init][INFO] - 37 	 10 	 -3.1437 	 1.0000
[2021-11-29 14:43:14,854][src.init][INFO] - 38 	 9 	 -3.1438 	 1.0000
[2021-11-29 14:43:24,708][src.init][INFO] - 39 	 10 	 -3.1438 	 1.0000
[2021-11-29 14:43:33,610][src.init][INFO] - 40 	 9 	 -3.1438 	 1.0000
[2021-11-29 14:43:35,329][src.init][INFO] - Test  	 loss: 0.0606 	 acc: 0.9901
[2021-11-29 14:44:03,471][src.init][INFO] - Saved to /home/metehan/hebbian/checkpoints/classifiers/mnist/Custom_LeNet_norm_l2_adam_none_0.0010_hebbian_1.0_ep_40.pt
