[2021-11-12 11:33:20,893][src.init][INFO] - T_LeNet(
  (img): Identity()
  (conv1): Conv2d(1, 50, kernel_size=(5, 5), stride=(1, 1), padding=(2, 2), bias=False)
  (relu1): ReLU()
  (conv2): Conv2d(50, 64, kernel_size=(5, 5), stride=(1, 1), padding=(2, 2), bias=False)
  (relu2): TReLU(64)
  (fc1): Linear(in_features=3136, out_features=100, bias=False)
  (relu3): TReLU(100)
  (fc2): Linear(in_features=100, out_features=10, bias=True)
)
[2021-11-12 11:33:20,893][src.init][INFO] - Adam (
Parameter Group 0
    amsgrad: False
    betas: (0.9, 0.999)
    eps: 1e-08
    lr: 0.001
    weight_decay: 0.0
)
[2021-11-12 11:33:20,894][src.init][INFO] - None
[2021-11-12 11:33:20,894][src.init][INFO] -  Number of total trainable parameters: 395860
[2021-11-12 11:33:27,470][src.init][INFO] - 1 	 7 	 -0.5144 	 0.9478
[2021-11-12 11:33:32,715][src.init][INFO] - 2 	 5 	 -0.7297 	 0.9828
[2021-11-12 11:33:37,967][src.init][INFO] - 3 	 5 	 -0.7525 	 0.9880
[2021-11-12 11:33:43,429][src.init][INFO] - 4 	 5 	 -0.7621 	 0.9891
[2021-11-12 11:33:48,686][src.init][INFO] - 5 	 5 	 -0.7686 	 0.9908
[2021-11-12 11:33:54,002][src.init][INFO] - 6 	 5 	 -0.7768 	 0.9925
[2021-11-12 11:33:59,311][src.init][INFO] - 7 	 5 	 -0.7793 	 0.9932
[2021-11-12 11:34:04,607][src.init][INFO] - 8 	 5 	 -0.7838 	 0.9943
[2021-11-12 11:34:10,048][src.init][INFO] - 9 	 5 	 -0.7819 	 0.9940
[2021-11-12 11:34:15,416][src.init][INFO] - 10 	 5 	 -0.7864 	 0.9953
[2021-11-12 11:34:16,900][src.init][INFO] - Test  	 loss: 0.0283 	 acc: 0.9913
[2021-11-12 11:34:22,241][src.init][INFO] - 11 	 5 	 -0.7852 	 0.9947
[2021-11-12 11:34:27,554][src.init][INFO] - 12 	 5 	 -0.7874 	 0.9953
[2021-11-12 11:34:32,867][src.init][INFO] - 13 	 5 	 -0.7889 	 0.9960
[2021-11-12 11:34:38,181][src.init][INFO] - 14 	 5 	 -0.7919 	 0.9968
[2021-11-12 11:34:43,500][src.init][INFO] - 15 	 5 	 -0.7889 	 0.9958
[2021-11-12 11:34:48,842][src.init][INFO] - 16 	 5 	 -0.7903 	 0.9965
[2021-11-12 11:34:54,461][src.init][INFO] - 17 	 6 	 -0.7929 	 0.9971
[2021-11-12 11:35:00,202][src.init][INFO] - 18 	 6 	 -0.7913 	 0.9968
[2021-11-12 11:35:05,517][src.init][INFO] - 19 	 5 	 -0.7936 	 0.9975
[2021-11-12 11:35:10,820][src.init][INFO] - 20 	 5 	 -0.7928 	 0.9974
[2021-11-12 11:35:11,547][src.init][INFO] - Test  	 loss: 0.0344 	 acc: 0.9913
