[2021-11-12 11:16:26,566][src.init][INFO] - T_LeNet(
  (img): Identity()
  (conv1): Conv2d(1, 50, kernel_size=(5, 5), stride=(1, 1), padding=(2, 2), bias=False)
  (relu1): ReLU()
  (conv2): Conv2d(50, 64, kernel_size=(5, 5), stride=(1, 1), padding=(2, 2), bias=False)
  (relu2): TReLU(64)
  (fc1): Linear(in_features=3136, out_features=100, bias=False)
  (relu3): TReLU(100)
  (fc2): Linear(in_features=100, out_features=10, bias=True)
)
[2021-11-12 11:16:26,567][src.init][INFO] - Adam (
Parameter Group 0
    amsgrad: False
    betas: (0.9, 0.999)
    eps: 1e-08
    lr: 0.001
    weight_decay: 0.0
)
[2021-11-12 11:16:26,567][src.init][INFO] - None
[2021-11-12 11:16:26,568][src.init][INFO] -  Number of total trainable parameters: 395860
[2021-11-12 11:16:33,099][src.init][INFO] - 1 	 7 	 -0.5141 	 0.9480
[2021-11-12 11:16:38,314][src.init][INFO] - 2 	 5 	 -0.7291 	 0.9827
[2021-11-12 11:16:43,981][src.init][INFO] - 3 	 6 	 -0.7522 	 0.9876
[2021-11-12 11:16:49,228][src.init][INFO] - 4 	 5 	 -0.7634 	 0.9898
[2021-11-12 11:16:54,957][src.init][INFO] - 5 	 6 	 -0.7681 	 0.9909
[2021-11-12 11:17:00,146][src.init][INFO] - 6 	 5 	 -0.7751 	 0.9923
[2021-11-12 11:17:05,479][src.init][INFO] - 7 	 5 	 -0.7805 	 0.9936
[2021-11-12 11:17:10,630][src.init][INFO] - 8 	 5 	 -0.7830 	 0.9942
[2021-11-12 11:17:16,091][src.init][INFO] - 9 	 5 	 -0.7841 	 0.9947
[2021-11-12 11:17:21,318][src.init][INFO] - 10 	 5 	 -0.7854 	 0.9953
[2021-11-12 11:17:22,061][src.init][INFO] - Test  	 loss: 0.0343 	 acc: 0.9909
[2021-11-12 11:17:27,394][src.init][INFO] - 11 	 5 	 -0.7876 	 0.9955
[2021-11-12 11:17:32,698][src.init][INFO] - 12 	 5 	 -0.7877 	 0.9954
[2021-11-12 11:17:37,942][src.init][INFO] - 13 	 5 	 -0.7878 	 0.9953
[2021-11-12 11:17:43,323][src.init][INFO] - 14 	 5 	 -0.7904 	 0.9962
[2021-11-12 11:17:48,611][src.init][INFO] - 15 	 5 	 -0.7913 	 0.9967
[2021-11-12 11:17:54,093][src.init][INFO] - 16 	 5 	 -0.7919 	 0.9969
[2021-11-12 11:18:00,154][src.init][INFO] - 17 	 6 	 -0.7901 	 0.9963
[2021-11-12 11:18:06,249][src.init][INFO] - 18 	 6 	 -0.7903 	 0.9966
[2021-11-12 11:18:12,205][src.init][INFO] - 19 	 6 	 -0.7933 	 0.9973
[2021-11-12 11:18:18,228][src.init][INFO] - 20 	 6 	 -0.7965 	 0.9983
[2021-11-12 11:18:18,948][src.init][INFO] - Test  	 loss: 0.0421 	 acc: 0.9907
