[2021-11-29 14:23:43,778][src.init][INFO] - Custom_LeNet(
  (norm): Normalize()
  (img): Identity()
  (conv1): Conv2d(1, 32, kernel_size=(5, 5), stride=(1, 1), padding=(2, 2), bias=False)
  (dn): DivisiveNormalization2d(b_type=linf, b_size=(5, 5), sigma=0.1)
  (relu1): ReLU()
  (conv2): Conv2d(32, 64, kernel_size=(5, 5), stride=(1, 1), padding=(2, 2), bias=False)
  (relu2): ReLU()
  (fc1): Linear(in_features=3136, out_features=100, bias=False)
  (relu3): TReLU(100)
  (fc2): Linear(in_features=100, out_features=10, bias=True)
)
[2021-11-29 14:23:43,780][src.init][INFO] - Adam (
Parameter Group 0
    amsgrad: False
    betas: (0.9, 0.999)
    eps: 1e-08
    lr: 0.001
    weight_decay: 0.0
)
[2021-11-29 14:23:43,780][src.init][INFO] - None
[2021-11-29 14:23:43,780][src.init][INFO] -  Number of total trainable parameters: 366610
[2021-11-29 14:23:49,262][src.init][INFO] - 1 	 5 	 0.2222 	 0.8638
[2021-11-29 14:23:54,347][src.init][INFO] - 2 	 5 	 -0.1649 	 0.9585
[2021-11-29 14:23:59,392][src.init][INFO] - 3 	 5 	 -0.2256 	 0.9706
[2021-11-29 14:24:05,178][src.init][INFO] - 4 	 6 	 -0.2546 	 0.9757
[2021-11-29 14:24:10,273][src.init][INFO] - 5 	 5 	 -0.2711 	 0.9794
[2021-11-29 14:24:15,424][src.init][INFO] - 6 	 5 	 -0.2818 	 0.9813
[2021-11-29 14:24:20,533][src.init][INFO] - 7 	 5 	 -0.2902 	 0.9832
[2021-11-29 14:24:25,521][src.init][INFO] - 8 	 5 	 -0.2985 	 0.9848
[2021-11-29 14:24:30,662][src.init][INFO] - 9 	 5 	 -0.3041 	 0.9862
[2021-11-29 14:24:35,765][src.init][INFO] - 10 	 5 	 -0.3098 	 0.9878
[2021-11-29 14:24:36,930][src.init][INFO] - Test  	 loss: 0.0446 	 acc: 0.9858
[2021-11-29 14:24:44,392][src.init][INFO] - 11 	 7 	 -0.3134 	 0.9884
[2021-11-29 14:24:49,648][src.init][INFO] - 12 	 5 	 -0.3155 	 0.9893
[2021-11-29 14:24:55,543][src.init][INFO] - 13 	 6 	 -0.3194 	 0.9899
[2021-11-29 14:25:01,212][src.init][INFO] - 14 	 6 	 -0.3232 	 0.9916
[2021-11-29 14:25:06,963][src.init][INFO] - 15 	 6 	 -0.3254 	 0.9919
[2021-11-29 14:25:16,099][src.init][INFO] - 16 	 9 	 -0.3284 	 0.9927
[2021-11-29 14:25:26,220][src.init][INFO] - 17 	 10 	 -0.3307 	 0.9933
[2021-11-29 14:25:35,715][src.init][INFO] - 18 	 9 	 -0.3332 	 0.9939
[2021-11-29 14:25:45,649][src.init][INFO] - 19 	 10 	 -0.3340 	 0.9942
[2021-11-29 14:25:56,168][src.init][INFO] - 20 	 11 	 -0.3371 	 0.9950
[2021-11-29 14:25:57,836][src.init][INFO] - Test  	 loss: 0.0372 	 acc: 0.9881
[2021-11-29 14:26:07,689][src.init][INFO] - 21 	 10 	 -0.3373 	 0.9953
[2021-11-29 14:26:18,958][src.init][INFO] - 22 	 11 	 -0.3377 	 0.9956
[2021-11-29 14:26:24,547][src.init][INFO] - 23 	 6 	 -0.3403 	 0.9960
[2021-11-29 14:26:29,931][src.init][INFO] - 24 	 5 	 -0.3412 	 0.9963
[2021-11-29 14:26:34,972][src.init][INFO] - 25 	 5 	 -0.3425 	 0.9969
[2021-11-29 14:26:40,203][src.init][INFO] - 26 	 5 	 -0.3432 	 0.9967
[2021-11-29 14:26:45,152][src.init][INFO] - 27 	 5 	 -0.3442 	 0.9971
[2021-11-29 14:26:50,220][src.init][INFO] - 28 	 5 	 -0.3445 	 0.9972
[2021-11-29 14:26:55,363][src.init][INFO] - 29 	 5 	 -0.3457 	 0.9977
[2021-11-29 14:27:00,737][src.init][INFO] - 30 	 5 	 -0.3470 	 0.9981
[2021-11-29 14:27:01,493][src.init][INFO] - Test  	 loss: 0.0369 	 acc: 0.9881
[2021-11-29 14:27:06,948][src.init][INFO] - 31 	 5 	 -0.3472 	 0.9980
[2021-11-29 14:27:12,271][src.init][INFO] - 32 	 5 	 -0.3481 	 0.9984
[2021-11-29 14:27:17,424][src.init][INFO] - 33 	 5 	 -0.3476 	 0.9979
[2021-11-29 14:27:22,501][src.init][INFO] - 34 	 5 	 -0.3487 	 0.9984
[2021-11-29 14:27:28,004][src.init][INFO] - 35 	 6 	 -0.3490 	 0.9985
[2021-11-29 14:27:33,162][src.init][INFO] - 36 	 5 	 -0.3479 	 0.9980
[2021-11-29 14:27:38,457][src.init][INFO] - 37 	 5 	 -0.3503 	 0.9989
[2021-11-29 14:27:43,895][src.init][INFO] - 38 	 5 	 -0.3512 	 0.9992
[2021-11-29 14:27:49,257][src.init][INFO] - 39 	 5 	 -0.3514 	 0.9991
[2021-11-29 14:27:54,316][src.init][INFO] - 40 	 5 	 -0.3501 	 0.9987
[2021-11-29 14:27:55,061][src.init][INFO] - Test  	 loss: 0.0417 	 acc: 0.9889
[2021-11-29 14:28:36,293][src.init][INFO] - Saved to /home/metehan/hebbian/checkpoints/classifiers/mnist/Custom_LeNet_l1_adam_none_0.0010_hebbian_1.0_ep_40.pt
