[2021-11-10 17:18:30,876][src.init][INFO] - T_LeNet(
  (img): Identity()
  (conv1): Conv2d(1, 50, kernel_size=(5, 5), stride=(1, 1), padding=(2, 2))
  (relu1): ReLU()
  (conv2): Conv2d(50, 64, kernel_size=(5, 5), stride=(1, 1), padding=(2, 2), bias=False)
  (relu2): TReLU(64)
  (fc1): Linear(in_features=3136, out_features=100, bias=False)
  (relu3): TReLU(100)
  (fc2): Linear(in_features=100, out_features=10, bias=True)
)
[2021-11-10 17:18:30,878][src.init][INFO] - Adam (
Parameter Group 0
    amsgrad: False
    betas: (0.9, 0.999)
    eps: 1e-08
    lr: 0.001
    weight_decay: 0.0
)
[2021-11-10 17:18:30,878][src.init][INFO] - None
[2021-11-10 17:18:30,878][src.init][INFO] -  Number of total trainable parameters: 395910
[2021-11-10 17:18:36,551][src.init][INFO] - 1 	 6 	 0.1917 	 0.1336
[2021-11-10 17:18:42,055][src.init][INFO] - 2 	 6 	 0.0688 	 0.1487
[2021-11-10 17:18:47,148][src.init][INFO] - 3 	 5 	 0.0533 	 0.1527
[2021-11-10 17:18:52,671][src.init][INFO] - 4 	 6 	 0.0430 	 0.1487
[2021-11-10 17:18:58,150][src.init][INFO] - 5 	 5 	 0.0358 	 0.1431
[2021-11-10 17:19:03,724][src.init][INFO] - 6 	 6 	 0.0333 	 0.1410
[2021-11-10 17:19:09,298][src.init][INFO] - 7 	 6 	 0.0327 	 0.1411
[2021-11-10 17:19:14,710][src.init][INFO] - 8 	 5 	 0.0314 	 0.1417
[2021-11-10 17:19:20,067][src.init][INFO] - 9 	 5 	 0.0305 	 0.1422
[2021-11-10 17:19:25,552][src.init][INFO] - 10 	 5 	 0.0298 	 0.1429
[2021-11-10 17:19:26,296][src.init][INFO] - Test  	 loss: 2.3047 	 acc: 0.1474
[2021-11-10 17:19:31,479][src.init][INFO] - 11 	 5 	 0.0291 	 0.1429
[2021-11-10 17:19:36,763][src.init][INFO] - 12 	 5 	 0.0284 	 0.1432
[2021-11-10 17:19:42,093][src.init][INFO] - 13 	 5 	 0.0276 	 0.1429
[2021-11-10 17:19:47,550][src.init][INFO] - 14 	 5 	 0.0267 	 0.1431
[2021-11-10 17:19:53,070][src.init][INFO] - 15 	 6 	 0.0257 	 0.1436
[2021-11-10 17:19:58,616][src.init][INFO] - 16 	 6 	 0.0246 	 0.1434
[2021-11-10 17:20:04,013][src.init][INFO] - 17 	 5 	 0.0235 	 0.1426
[2021-11-10 17:20:09,367][src.init][INFO] - 18 	 5 	 0.0224 	 0.1419
[2021-11-10 17:20:14,801][src.init][INFO] - 19 	 5 	 0.0211 	 0.1412
[2021-11-10 17:20:20,099][src.init][INFO] - 20 	 5 	 0.0202 	 0.1411
[2021-11-10 17:20:20,828][src.init][INFO] - Test  	 loss: 2.3048 	 acc: 0.1437
