[2021-12-09 16:35:19,134][src.init][INFO] - LeNet(
  (norm): Normalize()
  (conv1): Conv2d(1, 32, kernel_size=(5, 5), stride=(1, 1), padding=(2, 2))
  (relu1): ReLU(inplace=True)
  (conv2): Conv2d(32, 64, kernel_size=(5, 5), stride=(1, 1), padding=(2, 2))
  (relu2): ReLU(inplace=True)
  (fc1): Linear(in_features=3136, out_features=1024, bias=True)
  (fc2): Linear(in_features=1024, out_features=10, bias=True)
)
[2021-12-09 16:35:19,136][src.init][INFO] - Adam (
Parameter Group 0
    amsgrad: False
    betas: (0.9, 0.999)
    eps: 1e-08
    lr: 0.001
    weight_decay: 0.0
)
[2021-12-09 16:35:19,136][src.init][INFO] - None
[2021-12-09 16:35:19,137][src.init][INFO] -  Number of total trainable parameters: 3274634
[2021-12-09 16:35:25,263][src.init][INFO] - 1 	 6 	 -1982.0209 	 0.2194
[2021-12-09 16:35:31,375][src.init][INFO] - 2 	 6 	 -14442.8526 	 0.1123
[2021-12-09 16:35:37,072][src.init][INFO] - 3 	 6 	 -38091.9632 	 0.1124
[2021-12-09 16:35:42,718][src.init][INFO] - 4 	 6 	 -71285.4798 	 0.1124
[2021-12-09 16:35:50,314][src.init][INFO] - 5 	 8 	 -112838.9734 	 0.1124
