[2021-11-29 14:33:43,961][src.init][INFO] - Custom_LeNet(
  (norm): Normalize()
  (img): Identity()
  (conv1): Conv2d(1, 32, kernel_size=(5, 5), stride=(1, 1), padding=(2, 2), bias=False)
  (dn): DivisiveNormalization2d(b_type=linf, b_size=(5, 5), sigma=0.1)
  (relu1): ReLU()
  (conv2): Conv2d(32, 64, kernel_size=(5, 5), stride=(1, 1), padding=(2, 2), bias=False)
  (relu2): ReLU()
  (fc1): Linear(in_features=3136, out_features=100, bias=False)
  (relu3): TReLU(100)
  (fc2): Linear(in_features=100, out_features=10, bias=True)
)
[2021-11-29 14:33:43,962][src.init][INFO] - Adam (
Parameter Group 0
    amsgrad: False
    betas: (0.9, 0.999)
    eps: 1e-08
    lr: 0.001
    weight_decay: 0.0
)
[2021-11-29 14:33:43,962][src.init][INFO] - None
[2021-11-29 14:33:43,963][src.init][INFO] -  Number of total trainable parameters: 366610
[2021-11-29 14:33:49,554][src.init][INFO] - 1 	 6 	 -0.4813 	 0.9505
[2021-11-29 14:33:54,750][src.init][INFO] - 2 	 5 	 -0.6989 	 0.9828
[2021-11-29 14:34:00,592][src.init][INFO] - 3 	 6 	 -0.7218 	 0.9875
[2021-11-29 14:34:06,351][src.init][INFO] - 4 	 6 	 -0.7334 	 0.9892
[2021-11-29 14:34:12,018][src.init][INFO] - 5 	 6 	 -0.7402 	 0.9904
[2021-11-29 14:34:18,156][src.init][INFO] - 6 	 6 	 -0.7457 	 0.9919
[2021-11-29 14:34:23,772][src.init][INFO] - 7 	 6 	 -0.7522 	 0.9937
[2021-11-29 14:34:29,531][src.init][INFO] - 8 	 6 	 -0.7542 	 0.9938
[2021-11-29 14:34:34,635][src.init][INFO] - 9 	 5 	 -0.7568 	 0.9946
[2021-11-29 14:34:40,196][src.init][INFO] - 10 	 6 	 -0.7583 	 0.9950
[2021-11-29 14:34:40,934][src.init][INFO] - Test  	 loss: 0.0293 	 acc: 0.9913
[2021-11-29 14:34:46,401][src.init][INFO] - 11 	 5 	 -0.7623 	 0.9959
[2021-11-29 14:34:52,010][src.init][INFO] - 12 	 6 	 -0.7611 	 0.9957
[2021-11-29 14:34:59,246][src.init][INFO] - 13 	 7 	 -0.7620 	 0.9959
[2021-11-29 14:35:05,160][src.init][INFO] - 14 	 6 	 -0.7663 	 0.9970
[2021-11-29 14:35:13,185][src.init][INFO] - 15 	 8 	 -0.7648 	 0.9963
[2021-11-29 14:35:18,927][src.init][INFO] - 16 	 6 	 -0.7677 	 0.9976
[2021-11-29 14:35:25,310][src.init][INFO] - 17 	 6 	 -0.7667 	 0.9973
[2021-11-29 14:35:31,165][src.init][INFO] - 18 	 6 	 -0.7665 	 0.9971
[2021-11-29 14:35:39,072][src.init][INFO] - 19 	 8 	 -0.7680 	 0.9974
[2021-11-29 14:35:49,288][src.init][INFO] - 20 	 10 	 -0.7702 	 0.9983
[2021-11-29 14:35:51,032][src.init][INFO] - Test  	 loss: 0.0503 	 acc: 0.9889
[2021-11-29 14:36:02,763][src.init][INFO] - 21 	 12 	 -0.7682 	 0.9975
[2021-11-29 14:36:13,848][src.init][INFO] - 22 	 11 	 -0.7690 	 0.9977
[2021-11-29 14:36:25,060][src.init][INFO] - 23 	 11 	 -0.7688 	 0.9976
[2021-11-29 14:36:34,855][src.init][INFO] - 24 	 10 	 -0.7714 	 0.9986
[2021-11-29 14:36:44,471][src.init][INFO] - 25 	 10 	 -0.7694 	 0.9980
[2021-11-29 14:36:54,163][src.init][INFO] - 26 	 10 	 -0.7697 	 0.9980
[2021-11-29 14:37:03,248][src.init][INFO] - 27 	 9 	 -0.7717 	 0.9987
[2021-11-29 14:37:13,126][src.init][INFO] - 28 	 10 	 -0.7714 	 0.9985
[2021-11-29 14:37:20,809][src.init][INFO] - 29 	 8 	 -0.7702 	 0.9980
[2021-11-29 14:37:26,637][src.init][INFO] - 30 	 6 	 -0.7722 	 0.9988
[2021-11-29 14:37:27,533][src.init][INFO] - Test  	 loss: 0.0383 	 acc: 0.9909
[2021-11-29 14:37:33,347][src.init][INFO] - 31 	 6 	 -0.7726 	 0.9989
[2021-11-29 14:37:38,999][src.init][INFO] - 32 	 6 	 -0.7714 	 0.9986
[2021-11-29 14:37:44,869][src.init][INFO] - 33 	 6 	 -0.7719 	 0.9988
[2021-11-29 14:37:50,647][src.init][INFO] - 34 	 6 	 -0.7717 	 0.9987
[2021-11-29 14:37:55,924][src.init][INFO] - 35 	 5 	 -0.7717 	 0.9987
[2021-11-29 14:38:02,073][src.init][INFO] - 36 	 6 	 -0.7725 	 0.9989
[2021-11-29 14:38:07,678][src.init][INFO] - 37 	 6 	 -0.7723 	 0.9988
[2021-11-29 14:38:13,205][src.init][INFO] - 38 	 6 	 -0.7711 	 0.9984
[2021-11-29 14:38:18,595][src.init][INFO] - 39 	 5 	 -0.7753 	 0.9998
[2021-11-29 14:38:24,414][src.init][INFO] - 40 	 6 	 -0.7723 	 0.9988
[2021-11-29 14:38:25,175][src.init][INFO] - Test  	 loss: 0.0631 	 acc: 0.9883
[2021-11-29 14:38:50,879][src.init][INFO] - Saved to /home/metehan/hebbian/checkpoints/classifiers/mnist/Custom_LeNet_l2_adam_none_0.0010_hebbian_1.0_ep_40.pt
