[2021-11-29 15:11:25,356][src.init][INFO] - Custom_LeNet(
  (norm): Normalize()
  (img): Identity()
  (conv1): Conv2d(1, 32, kernel_size=(5, 5), stride=(1, 1), padding=(2, 2), bias=False)
  (dn): DivisiveNormalization2d(b_type=linf, b_size=(5, 5), sigma=0.1)
  (relu1): ReLU()
  (conv2): Conv2d(32, 64, kernel_size=(5, 5), stride=(1, 1), padding=(2, 2), bias=False)
  (relu2): ReLU()
  (fc1): Linear(in_features=3136, out_features=100, bias=False)
  (relu3): TReLU(100)
  (fc2): Linear(in_features=100, out_features=10, bias=True)
)
[2021-11-29 15:11:25,357][src.init][INFO] - Adam (
Parameter Group 0
    amsgrad: False
    betas: (0.9, 0.999)
    eps: 1e-08
    lr: 0.001
    weight_decay: 0.0
)
[2021-11-29 15:11:25,357][src.init][INFO] - None
[2021-11-29 15:11:25,357][src.init][INFO] -  Number of total trainable parameters: 366610
[2021-11-29 15:11:31,577][src.init][INFO] - 1 	 6 	 -1.5686 	 0.8786
[2021-11-29 15:11:37,639][src.init][INFO] - 2 	 6 	 -2.7588 	 0.9576
[2021-11-29 15:11:43,793][src.init][INFO] - 3 	 6 	 -2.9750 	 0.9670
[2021-11-29 15:11:50,486][src.init][INFO] - 4 	 7 	 -3.0628 	 0.9709
[2021-11-29 15:11:56,668][src.init][INFO] - 5 	 6 	 -3.1127 	 0.9742
[2021-11-29 15:12:03,227][src.init][INFO] - 6 	 7 	 -3.1405 	 0.9758
[2021-11-29 15:12:09,803][src.init][INFO] - 7 	 7 	 -3.1621 	 0.9788
[2021-11-29 15:12:14,634][src.init][INFO] - 8 	 5 	 -3.1769 	 0.9804
[2021-11-29 15:12:20,615][src.init][INFO] - 9 	 6 	 -3.1888 	 0.9811
[2021-11-29 15:12:26,840][src.init][INFO] - 10 	 6 	 -3.1979 	 0.9819
[2021-11-29 15:12:27,634][src.init][INFO] - Test  	 loss: 0.0639 	 acc: 0.9805
[2021-11-29 15:12:34,447][src.init][INFO] - 11 	 7 	 -3.2096 	 0.9834
[2021-11-29 15:12:40,566][src.init][INFO] - 12 	 6 	 -3.2195 	 0.9842
[2021-11-29 15:12:47,201][src.init][INFO] - 13 	 7 	 -3.2239 	 0.9850
[2021-11-29 15:12:53,040][src.init][INFO] - 14 	 6 	 -3.2313 	 0.9856
[2021-11-29 15:12:58,502][src.init][INFO] - 15 	 5 	 -3.2349 	 0.9860
[2021-11-29 15:13:04,106][src.init][INFO] - 16 	 6 	 -3.2413 	 0.9869
[2021-11-29 15:13:09,793][src.init][INFO] - 17 	 6 	 -3.2444 	 0.9867
[2021-11-29 15:13:15,776][src.init][INFO] - 18 	 6 	 -3.2503 	 0.9874
[2021-11-29 15:13:21,402][src.init][INFO] - 19 	 6 	 -3.2572 	 0.9888
[2021-11-29 15:13:27,690][src.init][INFO] - 20 	 6 	 -3.2584 	 0.9885
[2021-11-29 15:13:28,493][src.init][INFO] - Test  	 loss: 0.0722 	 acc: 0.9788
[2021-11-29 15:13:34,500][src.init][INFO] - 21 	 6 	 -3.2647 	 0.9899
[2021-11-29 15:13:44,710][src.init][INFO] - 22 	 10 	 -3.2648 	 0.9889
[2021-11-29 15:13:54,591][src.init][INFO] - 23 	 10 	 -3.2700 	 0.9895
[2021-11-29 15:14:04,814][src.init][INFO] - 24 	 10 	 -3.2716 	 0.9898
[2021-11-29 15:14:14,577][src.init][INFO] - 25 	 10 	 -3.2788 	 0.9912
[2021-11-29 15:14:23,748][src.init][INFO] - 26 	 9 	 -3.2769 	 0.9903
[2021-11-29 15:14:32,909][src.init][INFO] - 27 	 9 	 -3.2819 	 0.9909
[2021-11-29 15:14:38,651][src.init][INFO] - 28 	 6 	 -3.2854 	 0.9909
[2021-11-29 15:14:44,785][src.init][INFO] - 29 	 6 	 -3.2909 	 0.9920
[2021-11-29 15:14:50,854][src.init][INFO] - 30 	 6 	 -3.2919 	 0.9917
[2021-11-29 15:14:51,621][src.init][INFO] - Test  	 loss: 0.0694 	 acc: 0.9811
[2021-11-29 15:14:58,231][src.init][INFO] - 31 	 7 	 -3.2941 	 0.9921
[2021-11-29 15:15:04,402][src.init][INFO] - 32 	 6 	 -3.2933 	 0.9912
[2021-11-29 15:15:10,832][src.init][INFO] - 33 	 6 	 -3.2942 	 0.9916
[2021-11-29 15:15:17,015][src.init][INFO] - 34 	 6 	 -3.2996 	 0.9924
[2021-11-29 15:15:23,509][src.init][INFO] - 35 	 6 	 -3.3028 	 0.9931
[2021-11-29 15:15:29,268][src.init][INFO] - 36 	 6 	 -3.2994 	 0.9922
[2021-11-29 15:15:35,363][src.init][INFO] - 37 	 6 	 -3.3053 	 0.9936
[2021-11-29 15:15:41,317][src.init][INFO] - 38 	 6 	 -3.3060 	 0.9932
[2021-11-29 15:15:46,621][src.init][INFO] - 39 	 5 	 -3.3114 	 0.9937
[2021-11-29 15:15:52,448][src.init][INFO] - 40 	 6 	 -3.3068 	 0.9923
[2021-11-29 15:15:53,200][src.init][INFO] - Test  	 loss: 0.0789 	 acc: 0.9820
[2021-11-29 15:16:19,486][src.init][INFO] - Saved to /home/metehan/hebbian/checkpoints/classifiers/mnist/Custom_LeNet_norm_l1_adam_none_0.0010_hebbian_1.0_hebbian_1.0_ep_40.pt
