[2021-11-12 12:03:49,774][src.init][INFO] - T_LeNet(
  (img): Identity()
  (conv1): Conv2d(1, 50, kernel_size=(5, 5), stride=(1, 1), padding=(2, 2), bias=False)
  (relu1): ReLU()
  (conv2): Conv2d(50, 64, kernel_size=(5, 5), stride=(1, 1), padding=(2, 2), bias=False)
  (relu2): TReLU(64)
  (fc1): Linear(in_features=3136, out_features=100, bias=False)
  (relu3): TReLU(100)
  (fc2): Linear(in_features=100, out_features=10, bias=True)
)
[2021-11-12 12:03:49,775][src.init][INFO] - Adam (
Parameter Group 0
    amsgrad: False
    betas: (0.9, 0.999)
    eps: 1e-08
    lr: 0.001
    weight_decay: 0.0
)
[2021-11-12 12:03:49,775][src.init][INFO] - None
[2021-11-12 12:03:49,775][src.init][INFO] -  Number of total trainable parameters: 395860
[2021-11-12 12:03:56,378][src.init][INFO] - 1 	 7 	 -0.5141 	 0.9479
[2021-11-12 12:04:01,914][src.init][INFO] - 2 	 6 	 -0.7289 	 0.9825
[2021-11-12 12:04:07,365][src.init][INFO] - 3 	 5 	 -0.7509 	 0.9873
[2021-11-12 12:04:12,788][src.init][INFO] - 4 	 5 	 -0.7638 	 0.9899
[2021-11-12 12:04:18,119][src.init][INFO] - 5 	 5 	 -0.7703 	 0.9915
[2021-11-12 12:04:23,494][src.init][INFO] - 6 	 5 	 -0.7761 	 0.9926
[2021-11-12 12:04:28,736][src.init][INFO] - 7 	 5 	 -0.7789 	 0.9931
[2021-11-12 12:04:34,004][src.init][INFO] - 8 	 5 	 -0.7825 	 0.9943
[2021-11-12 12:04:39,350][src.init][INFO] - 9 	 5 	 -0.7819 	 0.9938
[2021-11-12 12:04:44,646][src.init][INFO] - 10 	 5 	 -0.7860 	 0.9954
[2021-11-12 12:04:45,511][src.init][INFO] - Test  	 loss: 0.0373 	 acc: 0.9886
[2021-11-12 12:04:50,969][src.init][INFO] - 11 	 5 	 -0.7884 	 0.9960
[2021-11-12 12:04:56,442][src.init][INFO] - 12 	 5 	 -0.7880 	 0.9956
[2021-11-12 12:05:01,722][src.init][INFO] - 13 	 5 	 -0.7878 	 0.9956
[2021-11-12 12:05:07,137][src.init][INFO] - 14 	 5 	 -0.7903 	 0.9962
[2021-11-12 12:05:12,652][src.init][INFO] - 15 	 6 	 -0.7874 	 0.9956
[2021-11-12 12:05:17,851][src.init][INFO] - 16 	 5 	 -0.7937 	 0.9974
[2021-11-12 12:05:23,072][src.init][INFO] - 17 	 5 	 -0.7906 	 0.9966
[2021-11-12 12:05:28,698][src.init][INFO] - 18 	 6 	 -0.7933 	 0.9974
[2021-11-12 12:05:34,237][src.init][INFO] - 19 	 6 	 -0.7941 	 0.9975
[2021-11-12 12:05:40,306][src.init][INFO] - 20 	 6 	 -0.7916 	 0.9969
[2021-11-12 12:05:41,085][src.init][INFO] - Test  	 loss: 0.0571 	 acc: 0.9903
