[2021-11-12 11:36:48,396][src.init][INFO] - T_LeNet(
  (img): Identity()
  (conv1): Conv2d(1, 50, kernel_size=(5, 5), stride=(1, 1), padding=(2, 2), bias=False)
  (relu1): ReLU()
  (conv2): Conv2d(50, 64, kernel_size=(5, 5), stride=(1, 1), padding=(2, 2), bias=False)
  (relu2): TReLU(64)
  (fc1): Linear(in_features=3136, out_features=100, bias=False)
  (relu3): TReLU(100)
  (fc2): Linear(in_features=100, out_features=10, bias=True)
)
[2021-11-12 11:36:48,397][src.init][INFO] - Adam (
Parameter Group 0
    amsgrad: False
    betas: (0.9, 0.999)
    eps: 1e-08
    lr: 0.001
    weight_decay: 0.0
)
[2021-11-12 11:36:48,397][src.init][INFO] - None
[2021-11-12 11:36:48,397][src.init][INFO] -  Number of total trainable parameters: 395860
[2021-11-12 11:36:55,159][src.init][INFO] - 1 	 7 	 -0.5142 	 0.9479
[2021-11-12 11:37:00,597][src.init][INFO] - 2 	 5 	 -0.7285 	 0.9826
[2021-11-12 11:37:06,039][src.init][INFO] - 3 	 5 	 -0.7517 	 0.9877
[2021-11-12 11:37:11,411][src.init][INFO] - 4 	 5 	 -0.7619 	 0.9891
[2021-11-12 11:37:16,728][src.init][INFO] - 5 	 5 	 -0.7695 	 0.9914
[2021-11-12 11:37:22,062][src.init][INFO] - 6 	 5 	 -0.7757 	 0.9925
[2021-11-12 11:37:27,407][src.init][INFO] - 7 	 5 	 -0.7790 	 0.9934
[2021-11-12 11:37:32,827][src.init][INFO] - 8 	 5 	 -0.7817 	 0.9937
[2021-11-12 11:37:38,105][src.init][INFO] - 9 	 5 	 -0.7831 	 0.9945
[2021-11-12 11:37:43,469][src.init][INFO] - 10 	 5 	 -0.7865 	 0.9954
[2021-11-12 11:37:44,188][src.init][INFO] - Test  	 loss: 0.0374 	 acc: 0.9893
[2021-11-12 11:37:49,550][src.init][INFO] - 11 	 5 	 -0.7845 	 0.9947
[2021-11-12 11:37:54,874][src.init][INFO] - 12 	 5 	 -0.7882 	 0.9956
[2021-11-12 11:38:00,072][src.init][INFO] - 13 	 5 	 -0.7872 	 0.9952
[2021-11-12 11:38:05,502][src.init][INFO] - 14 	 5 	 -0.7882 	 0.9958
[2021-11-12 11:38:11,113][src.init][INFO] - 15 	 6 	 -0.7913 	 0.9968
[2021-11-12 11:38:16,851][src.init][INFO] - 16 	 6 	 -0.7892 	 0.9958
[2021-11-12 11:38:22,243][src.init][INFO] - 17 	 5 	 -0.7909 	 0.9967
[2021-11-12 11:38:27,657][src.init][INFO] - 18 	 5 	 -0.7952 	 0.9979
[2021-11-12 11:38:33,041][src.init][INFO] - 19 	 5 	 -0.7900 	 0.9963
[2021-11-12 11:38:38,396][src.init][INFO] - 20 	 5 	 -0.7916 	 0.9970
[2021-11-12 11:38:39,127][src.init][INFO] - Test  	 loss: 0.0517 	 acc: 0.9886
