[2021-12-03 15:07:14,171][src.init][INFO] - Custom_LeNet(
  (norm): Normalize()
  (img): Identity()
  (conv1): Conv2d(1, 32, kernel_size=(5, 5), stride=(1, 1), padding=(2, 2), bias=False)
  (dn): DivisiveNormalization2d(b_type=linf, b_size=(5, 5), sigma=0.1)
  (relu1): ReLU()
  (conv2): Conv2d(32, 64, kernel_size=(5, 5), stride=(1, 1), padding=(2, 2), bias=False)
  (relu2): ReLU()
  (fc1): Linear(in_features=3136, out_features=100, bias=False)
  (relu3): TReLU(100)
  (fc2): Linear(in_features=100, out_features=10, bias=True)
)
[2021-12-03 15:07:14,172][src.init][INFO] - Adam (
Parameter Group 0
    amsgrad: False
    betas: (0.9, 0.999)
    eps: 1e-08
    lr: 0.001
    weight_decay: 0.0
)
[2021-12-03 15:07:14,173][src.init][INFO] - None
[2021-12-03 15:07:14,173][src.init][INFO] -  Number of total trainable parameters: 366610
[2021-12-03 15:07:21,153][src.init][INFO] - 1 	 7 	 0.2222 	 0.8638
[2021-12-03 15:07:26,892][src.init][INFO] - 2 	 6 	 -0.1650 	 0.9586
[2021-12-03 15:07:32,631][src.init][INFO] - 3 	 6 	 -0.2257 	 0.9705
[2021-12-03 15:07:38,284][src.init][INFO] - 4 	 6 	 -0.2546 	 0.9757
[2021-12-03 15:07:43,365][src.init][INFO] - 5 	 5 	 -0.2712 	 0.9794
[2021-12-03 15:07:48,065][src.init][INFO] - 6 	 5 	 -0.2819 	 0.9811
[2021-12-03 15:07:53,329][src.init][INFO] - 7 	 5 	 -0.2900 	 0.9831
[2021-12-03 15:07:59,035][src.init][INFO] - 8 	 6 	 -0.2987 	 0.9848
[2021-12-03 15:08:04,788][src.init][INFO] - 9 	 6 	 -0.3042 	 0.9860
[2021-12-03 15:08:10,232][src.init][INFO] - 10 	 5 	 -0.3099 	 0.9877
[2021-12-03 15:08:10,934][src.init][INFO] - Test  	 loss: 0.0442 	 acc: 0.9860
[2021-12-03 15:08:16,656][src.init][INFO] - 11 	 6 	 -0.3137 	 0.9886
[2021-12-03 15:08:22,373][src.init][INFO] - 12 	 6 	 -0.3162 	 0.9894
[2021-12-03 15:08:27,561][src.init][INFO] - 13 	 5 	 -0.3200 	 0.9899
[2021-12-03 15:08:32,501][src.init][INFO] - 14 	 5 	 -0.3238 	 0.9918
[2021-12-03 15:08:37,519][src.init][INFO] - 15 	 5 	 -0.3257 	 0.9920
[2021-12-03 15:08:43,115][src.init][INFO] - 16 	 6 	 -0.3283 	 0.9928
[2021-12-03 15:08:48,201][src.init][INFO] - 17 	 5 	 -0.3306 	 0.9932
[2021-12-03 15:08:53,149][src.init][INFO] - 18 	 5 	 -0.3335 	 0.9939
[2021-12-03 15:08:58,655][src.init][INFO] - 19 	 6 	 -0.3346 	 0.9945
[2021-12-03 15:09:03,580][src.init][INFO] - 20 	 5 	 -0.3372 	 0.9948
[2021-12-03 15:09:04,284][src.init][INFO] - Test  	 loss: 0.0362 	 acc: 0.9879
[2021-12-03 15:09:09,685][src.init][INFO] - 21 	 5 	 -0.3374 	 0.9951
[2021-12-03 15:09:14,865][src.init][INFO] - 22 	 5 	 -0.3376 	 0.9952
[2021-12-03 15:09:19,658][src.init][INFO] - 23 	 5 	 -0.3405 	 0.9963
[2021-12-03 15:09:24,411][src.init][INFO] - 24 	 5 	 -0.3416 	 0.9965
[2021-12-03 15:09:29,413][src.init][INFO] - 25 	 5 	 -0.3424 	 0.9969
[2021-12-03 15:09:34,427][src.init][INFO] - 26 	 5 	 -0.3437 	 0.9971
[2021-12-03 15:09:39,632][src.init][INFO] - 27 	 5 	 -0.3446 	 0.9974
[2021-12-03 15:09:44,969][src.init][INFO] - 28 	 5 	 -0.3449 	 0.9974
[2021-12-03 15:09:49,880][src.init][INFO] - 29 	 5 	 -0.3459 	 0.9977
[2021-12-03 15:09:55,378][src.init][INFO] - 30 	 5 	 -0.3474 	 0.9982
[2021-12-03 15:09:56,077][src.init][INFO] - Test  	 loss: 0.0369 	 acc: 0.9886
[2021-12-03 15:10:00,822][src.init][INFO] - 31 	 5 	 -0.3471 	 0.9980
[2021-12-03 15:10:06,069][src.init][INFO] - 32 	 5 	 -0.3483 	 0.9984
[2021-12-03 15:10:11,287][src.init][INFO] - 33 	 5 	 -0.3479 	 0.9983
[2021-12-03 15:10:16,058][src.init][INFO] - 34 	 5 	 -0.3483 	 0.9982
[2021-12-03 15:10:21,071][src.init][INFO] - 35 	 5 	 -0.3487 	 0.9983
[2021-12-03 15:10:26,136][src.init][INFO] - 36 	 5 	 -0.3494 	 0.9984
[2021-12-03 15:10:30,993][src.init][INFO] - 37 	 5 	 -0.3503 	 0.9988
[2021-12-03 15:10:36,089][src.init][INFO] - 38 	 5 	 -0.3512 	 0.9992
[2021-12-03 15:10:41,446][src.init][INFO] - 39 	 5 	 -0.3507 	 0.9989
[2021-12-03 15:10:46,651][src.init][INFO] - 40 	 5 	 -0.3500 	 0.9987
[2021-12-03 15:10:47,374][src.init][INFO] - Test  	 loss: 0.0414 	 acc: 0.9881
