[2021-12-09 16:38:29,115][src.init][INFO] - LeNet(
  (norm): Normalize()
  (conv1): Conv2d(1, 32, kernel_size=(5, 5), stride=(1, 1), padding=(2, 2))
  (relu1): ReLU(inplace=True)
  (conv2): Conv2d(32, 64, kernel_size=(5, 5), stride=(1, 1), padding=(2, 2))
  (relu2): ReLU(inplace=True)
  (fc1): Linear(in_features=3136, out_features=1024, bias=True)
  (fc2): Linear(in_features=1024, out_features=10, bias=True)
)
[2021-12-09 16:38:29,117][src.init][INFO] - Adam (
Parameter Group 0
    amsgrad: False
    betas: (0.9, 0.999)
    eps: 1e-08
    lr: 0.001
    weight_decay: 0.0
)
[2021-12-09 16:38:29,117][src.init][INFO] - None
[2021-12-09 16:38:29,118][src.init][INFO] -  Number of total trainable parameters: 3274634
[2021-12-09 16:38:36,278][src.init][INFO] - 1 	 7 	 -710.3394 	 0.8755
[2021-12-09 16:38:43,655][src.init][INFO] - 2 	 7 	 -5107.9005 	 0.8905
[2021-12-09 16:38:50,377][src.init][INFO] - 3 	 7 	 -13452.6516 	 0.7242
[2021-12-09 16:38:56,480][src.init][INFO] - 4 	 6 	 -25171.1309 	 0.1901
[2021-12-09 16:39:02,587][src.init][INFO] - 5 	 6 	 -39845.3555 	 0.1015
[2021-12-09 16:39:08,675][src.init][INFO] - 6 	 6 	 -57173.2764 	 0.1118
[2021-12-09 16:39:14,239][src.init][INFO] - 7 	 6 	 -76931.4519 	 0.1124
[2021-12-09 16:39:20,405][src.init][INFO] - 8 	 6 	 -98971.4165 	 0.1124
[2021-12-09 16:39:26,554][src.init][INFO] - 9 	 6 	 -123188.6964 	 0.1124
[2021-12-09 16:39:32,417][src.init][INFO] - 10 	 6 	 -149493.8928 	 0.1124
[2021-12-09 16:39:34,454][src.init][INFO] - Test  	 loss: 2.3025 	 acc: 0.1135
[2021-12-09 16:39:40,602][src.init][INFO] - 11 	 6 	 -177832.7590 	 0.1124
[2021-12-09 16:39:46,911][src.init][INFO] - 12 	 6 	 -208160.7040 	 0.1124
[2021-12-09 16:39:52,919][src.init][INFO] - 13 	 6 	 -240441.8897 	 0.1124
[2021-12-09 16:39:58,989][src.init][INFO] - 14 	 6 	 -274664.7858 	 0.1124
[2021-12-09 16:40:05,121][src.init][INFO] - 15 	 6 	 -310805.0311 	 0.1124
[2021-12-09 16:40:10,936][src.init][INFO] - 16 	 6 	 -348850.4198 	 0.1124
[2021-12-09 16:40:18,426][src.init][INFO] - 17 	 7 	 -388787.0238 	 0.1124
[2021-12-09 16:40:25,446][src.init][INFO] - 18 	 7 	 -430606.3439 	 0.1124
[2021-12-09 16:40:31,281][src.init][INFO] - 19 	 6 	 -474296.9604 	 0.1124
[2021-12-09 16:40:37,484][src.init][INFO] - 20 	 6 	 -519852.2863 	 0.1124
[2021-12-09 16:40:38,316][src.init][INFO] - Test  	 loss: 2.3062 	 acc: 0.1135
[2021-12-09 16:40:44,479][src.init][INFO] - 21 	 6 	 -567266.8031 	 0.1124
[2021-12-09 16:40:50,601][src.init][INFO] - 22 	 6 	 -616531.1404 	 0.1124
[2021-12-09 16:40:56,580][src.init][INFO] - 23 	 6 	 -667641.9830 	 0.1124
