[2021-12-03 15:27:06,562][src.init][INFO] - Custom_LeNet(
  (norm): Normalize()
  (img): Identity()
  (conv1): Conv2d(1, 32, kernel_size=(5, 5), stride=(1, 1), padding=(2, 2), bias=False)
  (dn): DivisiveNormalization2d(b_type=linf, b_size=(5, 5), sigma=0.1)
  (relu1): ReLU()
  (conv2): Conv2d(32, 64, kernel_size=(5, 5), stride=(1, 1), padding=(2, 2), bias=False)
  (relu2): ReLU()
  (fc1): Linear(in_features=3136, out_features=100, bias=False)
  (relu3): TReLU(100)
  (fc2): Linear(in_features=100, out_features=10, bias=True)
)
[2021-12-03 15:27:06,563][src.init][INFO] - Adam (
Parameter Group 0
    amsgrad: False
    betas: (0.9, 0.999)
    eps: 1e-08
    lr: 0.001
    weight_decay: 0.0
)
[2021-12-03 15:27:06,564][src.init][INFO] - None
[2021-12-03 15:27:06,564][src.init][INFO] -  Number of total trainable parameters: 366610
[2021-12-03 15:27:12,585][src.init][INFO] - 1 	 6 	 -2.5794 	 0.9536
[2021-12-03 15:27:17,767][src.init][INFO] - 2 	 5 	 -3.0509 	 0.9832
[2021-12-03 15:27:23,640][src.init][INFO] - 3 	 6 	 -3.0755 	 0.9877
[2021-12-03 15:27:29,357][src.init][INFO] - 4 	 6 	 -3.0948 	 0.9897
[2021-12-03 15:27:35,167][src.init][INFO] - 5 	 6 	 -3.1039 	 0.9912
[2021-12-03 15:27:40,834][src.init][INFO] - 6 	 6 	 -3.1102 	 0.9926
[2021-12-03 15:27:46,675][src.init][INFO] - 7 	 6 	 -3.1179 	 0.9942
[2021-12-03 15:27:52,444][src.init][INFO] - 8 	 6 	 -3.1236 	 0.9942
[2021-12-03 15:27:58,455][src.init][INFO] - 9 	 6 	 -3.1287 	 0.9952
[2021-12-03 15:28:04,043][src.init][INFO] - 10 	 6 	 -3.1267 	 0.9947
[2021-12-03 15:28:05,874][src.init][INFO] - Test  	 loss: 0.0446 	 acc: 0.9890
[2021-12-03 15:28:11,650][src.init][INFO] - 11 	 6 	 -3.1309 	 0.9960
[2021-12-03 15:28:17,332][src.init][INFO] - 12 	 6 	 -3.1328 	 0.9963
[2021-12-03 15:28:23,094][src.init][INFO] - 13 	 6 	 -3.1315 	 0.9960
[2021-12-03 15:28:28,864][src.init][INFO] - 14 	 6 	 -3.1326 	 0.9963
[2021-12-03 15:28:34,594][src.init][INFO] - 15 	 6 	 -3.1366 	 0.9976
[2021-12-03 15:28:40,328][src.init][INFO] - 16 	 6 	 -3.1344 	 0.9968
[2021-12-03 15:28:46,027][src.init][INFO] - 17 	 6 	 -3.1362 	 0.9976
[2021-12-03 15:28:51,675][src.init][INFO] - 18 	 6 	 -3.1360 	 0.9972
[2021-12-03 15:28:57,198][src.init][INFO] - 19 	 6 	 -3.1348 	 0.9972
[2021-12-03 15:29:03,159][src.init][INFO] - 20 	 6 	 -3.1390 	 0.9983
[2021-12-03 15:29:03,993][src.init][INFO] - Test  	 loss: 0.0559 	 acc: 0.9870
[2021-12-03 15:29:09,592][src.init][INFO] - 21 	 6 	 -3.1373 	 0.9980
[2021-12-03 15:29:15,422][src.init][INFO] - 22 	 6 	 -3.1375 	 0.9982
[2021-12-03 15:29:21,152][src.init][INFO] - 23 	 6 	 -3.1409 	 0.9990
[2021-12-03 15:29:25,982][src.init][INFO] - 24 	 5 	 -3.1372 	 0.9980
[2021-12-03 15:29:30,612][src.init][INFO] - 25 	 5 	 -3.1341 	 0.9971
[2021-12-03 15:29:35,304][src.init][INFO] - 26 	 5 	 -3.1394 	 0.9985
[2021-12-03 15:29:40,227][src.init][INFO] - 27 	 5 	 -3.1395 	 0.9987
[2021-12-03 15:29:45,896][src.init][INFO] - 28 	 6 	 -3.1369 	 0.9981
[2021-12-03 15:29:51,682][src.init][INFO] - 29 	 6 	 -3.1378 	 0.9981
[2021-12-03 15:29:57,460][src.init][INFO] - 30 	 6 	 -3.1411 	 0.9993
[2021-12-03 15:29:58,159][src.init][INFO] - Test  	 loss: 0.0514 	 acc: 0.9904
[2021-12-03 15:30:03,893][src.init][INFO] - 31 	 6 	 -3.1392 	 0.9987
[2021-12-03 15:30:09,601][src.init][INFO] - 32 	 6 	 -3.1380 	 0.9983
[2021-12-03 15:30:15,258][src.init][INFO] - 33 	 6 	 -3.1395 	 0.9988
[2021-12-03 15:30:20,965][src.init][INFO] - 34 	 6 	 -3.1381 	 0.9983
[2021-12-03 15:30:26,704][src.init][INFO] - 35 	 6 	 -3.1418 	 0.9993
[2021-12-03 15:30:32,431][src.init][INFO] - 36 	 6 	 -3.1394 	 0.9987
[2021-12-03 15:30:38,159][src.init][INFO] - 37 	 6 	 -3.1404 	 0.9991
[2021-12-03 15:30:43,871][src.init][INFO] - 38 	 6 	 -3.1402 	 0.9991
[2021-12-03 15:30:49,678][src.init][INFO] - 39 	 6 	 -3.1378 	 0.9983
[2021-12-03 15:30:55,414][src.init][INFO] - 40 	 6 	 -3.1390 	 0.9988
[2021-12-03 15:30:56,115][src.init][INFO] - Test  	 loss: 0.0584 	 acc: 0.9893
