[2021-11-10 17:23:43,918][src.init][INFO] - T_LeNet(
  (img): Identity()
  (conv1): Conv2d(1, 50, kernel_size=(5, 5), stride=(1, 1), padding=(2, 2))
  (relu1): ReLU()
  (conv2): Conv2d(50, 64, kernel_size=(5, 5), stride=(1, 1), padding=(2, 2), bias=False)
  (relu2): TReLU(64)
  (fc1): Linear(in_features=3136, out_features=100, bias=False)
  (relu3): TReLU(100)
  (fc2): Linear(in_features=100, out_features=10, bias=True)
)
[2021-11-10 17:23:43,919][src.init][INFO] - Adam (
Parameter Group 0
    amsgrad: False
    betas: (0.9, 0.999)
    eps: 1e-08
    lr: 0.001
    weight_decay: 0.0
)
[2021-11-10 17:23:43,919][src.init][INFO] - None
[2021-11-10 17:23:43,919][src.init][INFO] -  Number of total trainable parameters: 395910
[2021-11-10 17:23:49,287][src.init][INFO] - 1 	 5 	 -26.5204 	 0.1208
[2021-11-10 17:23:54,452][src.init][INFO] - 2 	 5 	 -15.1388 	 0.1058
[2021-11-10 17:23:59,620][src.init][INFO] - 3 	 5 	 -34.3734 	 0.1125
[2021-11-10 17:24:04,711][src.init][INFO] - 4 	 5 	 -34.6158 	 0.1142
[2021-11-10 17:24:09,802][src.init][INFO] - 5 	 5 	 -33.3516 	 0.1131
[2021-11-10 17:24:14,942][src.init][INFO] - 6 	 5 	 -47.1636 	 0.1015
[2021-11-10 17:24:20,014][src.init][INFO] - 7 	 5 	 -38.7763 	 0.0987
[2021-11-10 17:24:25,220][src.init][INFO] - 8 	 5 	 -47.5459 	 0.0992
[2021-11-10 17:24:30,384][src.init][INFO] - 9 	 5 	 -65.3813 	 0.0987
[2021-11-10 17:24:35,500][src.init][INFO] - 10 	 5 	 -82.3962 	 0.1109
[2021-11-10 17:24:36,215][src.init][INFO] - Test  	 loss: 4.3249 	 acc: 0.1135
[2021-11-10 17:24:41,329][src.init][INFO] - 11 	 5 	 -60.9127 	 0.1124
[2021-11-10 17:24:46,403][src.init][INFO] - 12 	 5 	 -34.3332 	 0.1124
[2021-11-10 17:24:51,513][src.init][INFO] - 13 	 5 	 -38.7564 	 0.1124
[2021-11-10 17:24:56,671][src.init][INFO] - 14 	 5 	 -45.7331 	 0.1124
[2021-11-10 17:25:01,645][src.init][INFO] - 15 	 5 	 -70.2333 	 0.1124
[2021-11-10 17:25:06,589][src.init][INFO] - 16 	 5 	 -83.0312 	 0.1062
[2021-11-10 17:25:11,803][src.init][INFO] - 17 	 5 	 -67.4218 	 0.1097
[2021-11-10 17:25:16,811][src.init][INFO] - 18 	 5 	 -96.5459 	 0.1110
[2021-11-10 17:25:22,010][src.init][INFO] - 19 	 5 	 -50.3746 	 0.0987
[2021-11-10 17:25:27,144][src.init][INFO] - 20 	 5 	 -73.2221 	 0.0987
[2021-11-10 17:25:27,868][src.init][INFO] - Test  	 loss: 7.6379 	 acc: 0.0980
