[2021-11-29 15:21:22,051][src.init][INFO] - Custom_LeNet(
  (norm): Normalize()
  (img): Identity()
  (conv1): Conv2d(1, 32, kernel_size=(5, 5), stride=(1, 1), padding=(2, 2), bias=False)
  (dn): DivisiveNormalization2d(b_type=linf, b_size=(5, 5), sigma=0.1)
  (relu1): ReLU()
  (conv2): Conv2d(32, 64, kernel_size=(5, 5), stride=(1, 1), padding=(2, 2), bias=False)
  (relu2): ReLU()
  (fc1): Linear(in_features=3136, out_features=100, bias=False)
  (relu3): TReLU(100)
  (fc2): Linear(in_features=100, out_features=10, bias=True)
)
[2021-11-29 15:21:22,052][src.init][INFO] - Adam (
Parameter Group 0
    amsgrad: False
    betas: (0.9, 0.999)
    eps: 1e-08
    lr: 0.001
    weight_decay: 0.0
)
[2021-11-29 15:21:22,052][src.init][INFO] - None
[2021-11-29 15:21:22,053][src.init][INFO] -  Number of total trainable parameters: 366610
[2021-11-29 15:21:28,452][src.init][INFO] - 1 	 6 	 -50.8277 	 0.8896
[2021-11-29 15:21:34,487][src.init][INFO] - 2 	 6 	 -59.1149 	 0.9516
[2021-11-29 15:21:40,803][src.init][INFO] - 3 	 6 	 -59.1583 	 0.9615
[2021-11-29 15:21:46,626][src.init][INFO] - 4 	 6 	 -59.1755 	 0.9654
[2021-11-29 15:21:52,607][src.init][INFO] - 5 	 6 	 -59.1883 	 0.9684
[2021-11-29 15:21:59,003][src.init][INFO] - 6 	 6 	 -59.1980 	 0.9716
[2021-11-29 15:22:05,488][src.init][INFO] - 7 	 6 	 -59.1963 	 0.9715
[2021-11-29 15:22:12,098][src.init][INFO] - 8 	 7 	 -59.2086 	 0.9732
[2021-11-29 15:22:18,147][src.init][INFO] - 9 	 6 	 -59.2140 	 0.9749
[2021-11-29 15:22:25,080][src.init][INFO] - 10 	 7 	 -59.2072 	 0.9735
[2021-11-29 15:22:26,256][src.init][INFO] - Test  	 loss: 0.1534 	 acc: 0.9559
[2021-11-29 15:22:32,328][src.init][INFO] - 11 	 6 	 -59.2180 	 0.9756
[2021-11-29 15:22:38,283][src.init][INFO] - 12 	 6 	 -59.2271 	 0.9778
[2021-11-29 15:22:44,776][src.init][INFO] - 13 	 6 	 -59.2221 	 0.9766
[2021-11-29 15:22:51,027][src.init][INFO] - 14 	 6 	 -59.2253 	 0.9777
[2021-11-29 15:22:57,011][src.init][INFO] - 15 	 6 	 -59.2280 	 0.9780
[2021-11-29 15:23:03,083][src.init][INFO] - 16 	 6 	 -59.2295 	 0.9787
[2021-11-29 15:23:09,268][src.init][INFO] - 17 	 6 	 -59.2311 	 0.9793
[2021-11-29 15:23:14,916][src.init][INFO] - 18 	 6 	 -59.2320 	 0.9788
[2021-11-29 15:23:21,222][src.init][INFO] - 19 	 6 	 -59.2404 	 0.9809
[2021-11-29 15:23:27,402][src.init][INFO] - 20 	 6 	 -59.2333 	 0.9793
[2021-11-29 15:23:28,148][src.init][INFO] - Test  	 loss: 0.1056 	 acc: 0.9731
[2021-11-29 15:23:34,514][src.init][INFO] - 21 	 6 	 -59.2381 	 0.9815
[2021-11-29 15:23:40,907][src.init][INFO] - 22 	 6 	 -59.2327 	 0.9793
[2021-11-29 15:23:47,312][src.init][INFO] - 23 	 6 	 -59.2406 	 0.9809
[2021-11-29 15:23:54,361][src.init][INFO] - 24 	 7 	 -59.2405 	 0.9811
[2021-11-29 15:24:00,574][src.init][INFO] - 25 	 6 	 -59.2462 	 0.9823
[2021-11-29 15:24:06,758][src.init][INFO] - 26 	 6 	 -59.2445 	 0.9817
[2021-11-29 15:24:12,876][src.init][INFO] - 27 	 6 	 -59.2462 	 0.9825
[2021-11-29 15:24:19,372][src.init][INFO] - 28 	 6 	 -59.2447 	 0.9818
[2021-11-29 15:24:25,958][src.init][INFO] - 29 	 7 	 -59.2488 	 0.9825
[2021-11-29 15:24:32,492][src.init][INFO] - 30 	 7 	 -59.2491 	 0.9829
[2021-11-29 15:24:33,367][src.init][INFO] - Test  	 loss: 0.0674 	 acc: 0.9799
[2021-11-29 15:24:40,285][src.init][INFO] - 31 	 7 	 -59.2464 	 0.9828
[2021-11-29 15:24:46,682][src.init][INFO] - 32 	 6 	 -59.2490 	 0.9826
[2021-11-29 15:24:52,972][src.init][INFO] - 33 	 6 	 -59.2503 	 0.9826
[2021-11-29 15:24:59,196][src.init][INFO] - 34 	 6 	 -59.2553 	 0.9844
[2021-11-29 15:25:05,548][src.init][INFO] - 35 	 6 	 -59.2561 	 0.9848
[2021-11-29 15:25:12,106][src.init][INFO] - 36 	 7 	 -59.2487 	 0.9828
[2021-11-29 15:25:18,620][src.init][INFO] - 37 	 7 	 -59.2602 	 0.9853
[2021-11-29 15:25:24,773][src.init][INFO] - 38 	 6 	 -59.2563 	 0.9851
[2021-11-29 15:25:31,201][src.init][INFO] - 39 	 6 	 -59.2596 	 0.9857
[2021-11-29 15:25:37,542][src.init][INFO] - 40 	 6 	 -59.2542 	 0.9840
[2021-11-29 15:25:38,307][src.init][INFO] - Test  	 loss: 0.0647 	 acc: 0.9833
[2021-11-29 15:26:05,452][src.init][INFO] - Saved to /home/metehan/hebbian/checkpoints/classifiers/mnist/Custom_LeNet_norm_l2_adam_none_0.0010_hebbian_1.0_hebbian_1.0_ep_40.pt
