[2021-11-29 15:16:19,663][src.init][INFO] - Custom_LeNet(
  (norm): Normalize()
  (img): Identity()
  (conv1): Conv2d(1, 32, kernel_size=(5, 5), stride=(1, 1), padding=(2, 2), bias=False)
  (dn): DivisiveNormalization2d(b_type=linf, b_size=(5, 5), sigma=0.1)
  (relu1): ReLU()
  (conv2): Conv2d(32, 64, kernel_size=(5, 5), stride=(1, 1), padding=(2, 2), bias=False)
  (relu2): ReLU()
  (fc1): Linear(in_features=3136, out_features=100, bias=False)
  (relu3): TReLU(100)
  (fc2): Linear(in_features=100, out_features=10, bias=True)
)
[2021-11-29 15:16:19,663][src.init][INFO] - Adam (
Parameter Group 0
    amsgrad: False
    betas: (0.9, 0.999)
    eps: 1e-08
    lr: 0.001
    weight_decay: 0.0
)
[2021-11-29 15:16:19,664][src.init][INFO] - None
[2021-11-29 15:16:19,664][src.init][INFO] -  Number of total trainable parameters: 366610
[2021-11-29 15:16:25,888][src.init][INFO] - 1 	 6 	 -23.2325 	 0.8905
[2021-11-29 15:16:31,960][src.init][INFO] - 2 	 6 	 -27.7301 	 0.9508
[2021-11-29 15:16:38,314][src.init][INFO] - 3 	 6 	 -27.7658 	 0.9614
[2021-11-29 15:16:44,544][src.init][INFO] - 4 	 6 	 -27.7871 	 0.9665
[2021-11-29 15:16:50,883][src.init][INFO] - 5 	 6 	 -27.7889 	 0.9663
[2021-11-29 15:16:56,944][src.init][INFO] - 6 	 6 	 -27.7973 	 0.9688
[2021-11-29 15:17:03,563][src.init][INFO] - 7 	 7 	 -27.8026 	 0.9708
[2021-11-29 15:17:10,048][src.init][INFO] - 8 	 6 	 -27.8088 	 0.9711
[2021-11-29 15:17:16,348][src.init][INFO] - 9 	 6 	 -27.8230 	 0.9747
[2021-11-29 15:17:22,402][src.init][INFO] - 10 	 6 	 -27.8048 	 0.9706
[2021-11-29 15:17:23,146][src.init][INFO] - Test  	 loss: 0.0778 	 acc: 0.9771
[2021-11-29 15:17:29,741][src.init][INFO] - 11 	 7 	 -27.8209 	 0.9747
[2021-11-29 15:17:35,675][src.init][INFO] - 12 	 6 	 -27.8322 	 0.9773
[2021-11-29 15:17:41,911][src.init][INFO] - 13 	 6 	 -27.8186 	 0.9737
[2021-11-29 15:17:48,355][src.init][INFO] - 14 	 6 	 -27.8287 	 0.9766
[2021-11-29 15:17:54,927][src.init][INFO] - 15 	 7 	 -27.8319 	 0.9768
[2021-11-29 15:18:01,333][src.init][INFO] - 16 	 6 	 -27.8336 	 0.9771
[2021-11-29 15:18:07,983][src.init][INFO] - 17 	 7 	 -27.8589 	 0.9744
[2021-11-29 15:18:14,509][src.init][INFO] - 18 	 7 	 -27.9294 	 0.9777
[2021-11-29 15:18:20,741][src.init][INFO] - 19 	 6 	 -27.9271 	 0.9774
[2021-11-29 15:18:27,008][src.init][INFO] - 20 	 6 	 -27.9328 	 0.9781
[2021-11-29 15:18:27,773][src.init][INFO] - Test  	 loss: 0.0755 	 acc: 0.9783
[2021-11-29 15:18:34,841][src.init][INFO] - 21 	 7 	 -27.9361 	 0.9791
[2021-11-29 15:18:41,014][src.init][INFO] - 22 	 6 	 -27.9343 	 0.9797
[2021-11-29 15:18:47,033][src.init][INFO] - 23 	 6 	 -27.9386 	 0.9799
[2021-11-29 15:18:53,261][src.init][INFO] - 24 	 6 	 -27.9406 	 0.9805
[2021-11-29 15:18:59,775][src.init][INFO] - 25 	 7 	 -27.9386 	 0.9798
[2021-11-29 15:19:05,998][src.init][INFO] - 26 	 6 	 -27.9379 	 0.9797
[2021-11-29 15:19:12,191][src.init][INFO] - 27 	 6 	 -27.9456 	 0.9816
[2021-11-29 15:19:18,365][src.init][INFO] - 28 	 6 	 -27.9410 	 0.9802
[2021-11-29 15:19:24,638][src.init][INFO] - 29 	 6 	 -27.9369 	 0.9794
[2021-11-29 15:19:31,150][src.init][INFO] - 30 	 7 	 -27.9511 	 0.9834
[2021-11-29 15:19:31,916][src.init][INFO] - Test  	 loss: 0.0535 	 acc: 0.9848
[2021-11-29 15:19:37,859][src.init][INFO] - 31 	 6 	 -27.9444 	 0.9813
[2021-11-29 15:19:48,257][src.init][INFO] - 32 	 10 	 -27.9434 	 0.9811
[2021-11-29 15:19:58,827][src.init][INFO] - 33 	 11 	 -27.9450 	 0.9820
[2021-11-29 15:20:08,913][src.init][INFO] - 34 	 10 	 -27.9475 	 0.9823
[2021-11-29 15:20:18,371][src.init][INFO] - 35 	 9 	 -27.9535 	 0.9843
[2021-11-29 15:20:28,409][src.init][INFO] - 36 	 10 	 -27.9497 	 0.9828
[2021-11-29 15:20:35,658][src.init][INFO] - 37 	 7 	 -27.9529 	 0.9836
[2021-11-29 15:20:41,599][src.init][INFO] - 38 	 6 	 -27.9540 	 0.9841
[2021-11-29 15:20:47,524][src.init][INFO] - 39 	 6 	 -27.9548 	 0.9838
[2021-11-29 15:20:53,918][src.init][INFO] - 40 	 6 	 -27.9529 	 0.9839
[2021-11-29 15:20:54,710][src.init][INFO] - Test  	 loss: 0.0932 	 acc: 0.9756
[2021-11-29 15:21:21,835][src.init][INFO] - Saved to /home/metehan/hebbian/checkpoints/classifiers/mnist/Custom_LeNet_l2_adam_none_0.0010_hebbian_1.0_hebbian_1.0_ep_40.pt
