[2021-11-10 18:00:56,489][src.init][INFO] - T_LeNet(
  (img): Identity()
  (conv1): Conv2d(1, 50, kernel_size=(5, 5), stride=(1, 1), padding=(2, 2))
  (relu1): ReLU()
  (conv2): Conv2d(50, 64, kernel_size=(5, 5), stride=(1, 1), padding=(2, 2), bias=False)
  (relu2): TReLU(64)
  (fc1): Linear(in_features=3136, out_features=100, bias=False)
  (relu3): TReLU(100)
  (fc2): Linear(in_features=100, out_features=10, bias=True)
)
[2021-11-10 18:00:56,490][src.init][INFO] - Adam (
Parameter Group 0
    amsgrad: False
    betas: (0.9, 0.999)
    eps: 1e-08
    lr: 0.001
    weight_decay: 0.0
)
[2021-11-10 18:00:56,490][src.init][INFO] - None
[2021-11-10 18:00:56,491][src.init][INFO] -  Number of total trainable parameters: 395910
[2021-11-10 18:01:02,383][src.init][INFO] - 1 	 6 	 -25.7050 	 0.1127
[2021-11-10 18:01:07,481][src.init][INFO] - 2 	 5 	 -27.0834 	 0.1023
[2021-11-10 18:01:12,498][src.init][INFO] - 3 	 5 	 -25.2566 	 0.0959
[2021-11-10 18:01:17,584][src.init][INFO] - 4 	 5 	 -32.6026 	 0.0921
[2021-11-10 18:01:22,715][src.init][INFO] - 5 	 5 	 -53.8532 	 0.0907
[2021-11-10 18:01:27,782][src.init][INFO] - 6 	 5 	 -46.3876 	 0.1074
[2021-11-10 18:01:32,870][src.init][INFO] - 7 	 5 	 -31.1407 	 0.1066
[2021-11-10 18:01:37,962][src.init][INFO] - 8 	 5 	 -34.5361 	 0.1040
[2021-11-10 18:01:42,945][src.init][INFO] - 9 	 5 	 -51.4186 	 0.1073
[2021-11-10 18:01:48,008][src.init][INFO] - 10 	 5 	 -93.1902 	 0.1095
[2021-11-10 18:01:48,716][src.init][INFO] - Test  	 loss: 12.2677 	 acc: 0.1135
[2021-11-10 18:01:53,774][src.init][INFO] - 11 	 5 	 -63.6783 	 0.1123
[2021-11-10 18:01:58,819][src.init][INFO] - 12 	 5 	 -65.8948 	 0.1093
[2021-11-10 18:02:04,307][src.init][INFO] - 13 	 5 	 -80.0282 	 0.1037
[2021-11-10 18:02:09,388][src.init][INFO] - 14 	 5 	 -79.8257 	 0.1267
[2021-11-10 18:02:14,411][src.init][INFO] - 15 	 5 	 -126.1317 	 0.1193
[2021-11-10 18:02:19,468][src.init][INFO] - 16 	 5 	 -126.4510 	 0.1077
[2021-11-10 18:02:24,531][src.init][INFO] - 17 	 5 	 -102.7310 	 0.0987
[2021-11-10 18:02:29,674][src.init][INFO] - 18 	 5 	 -183.6664 	 0.0996
[2021-11-10 18:02:34,770][src.init][INFO] - 19 	 5 	 -168.3838 	 0.1003
[2021-11-10 18:02:39,751][src.init][INFO] - 20 	 5 	 -103.6234 	 0.0995
[2021-11-10 18:02:40,465][src.init][INFO] - Test  	 loss: 8.2548 	 acc: 0.0980
