[2021-11-10 17:56:42,416][src.init][INFO] - T_LeNet(
  (img): Identity()
  (conv1): Conv2d(1, 50, kernel_size=(5, 5), stride=(1, 1), padding=(2, 2))
  (relu1): ReLU()
  (conv2): Conv2d(50, 64, kernel_size=(5, 5), stride=(1, 1), padding=(2, 2), bias=False)
  (relu2): TReLU(64)
  (fc1): Linear(in_features=3136, out_features=100, bias=False)
  (relu3): TReLU(100)
  (fc2): Linear(in_features=100, out_features=10, bias=True)
)
[2021-11-10 17:56:42,417][src.init][INFO] - Adam (
Parameter Group 0
    amsgrad: False
    betas: (0.9, 0.999)
    eps: 1e-08
    lr: 0.001
    weight_decay: 0.0
)
[2021-11-10 17:56:42,417][src.init][INFO] - None
[2021-11-10 17:56:42,418][src.init][INFO] -  Number of total trainable parameters: 395910
[2021-11-10 17:56:48,037][src.init][INFO] - 1 	 6 	 -29.3304 	 0.8219
[2021-11-10 17:56:53,472][src.init][INFO] - 2 	 5 	 -30.5541 	 0.9181
[2021-11-10 17:56:58,905][src.init][INFO] - 3 	 5 	 -26.1604 	 0.9666
[2021-11-10 17:57:04,349][src.init][INFO] - 4 	 5 	 -49.9964 	 0.8647
[2021-11-10 17:57:09,969][src.init][INFO] - 5 	 6 	 -59.9574 	 0.8581
[2021-11-10 17:57:15,476][src.init][INFO] - 6 	 6 	 -53.4281 	 0.8758
[2021-11-10 17:57:21,725][src.init][INFO] - 7 	 6 	 -72.9579 	 0.9335
[2021-11-10 17:57:28,022][src.init][INFO] - 8 	 6 	 -87.6572 	 0.9381
[2021-11-10 17:57:33,732][src.init][INFO] - 9 	 6 	 -34.3064 	 0.9483
[2021-11-10 17:57:39,163][src.init][INFO] - 10 	 5 	 -30.8935 	 0.9680
[2021-11-10 17:57:40,030][src.init][INFO] - Test  	 loss: 0.0853 	 acc: 0.9755
[2021-11-10 17:57:45,446][src.init][INFO] - 11 	 5 	 -60.7187 	 0.9353
[2021-11-10 17:57:51,134][src.init][INFO] - 12 	 6 	 -86.1498 	 0.9110
[2021-11-10 17:57:56,632][src.init][INFO] - 13 	 5 	 -86.2233 	 0.7491
[2021-11-10 17:58:02,160][src.init][INFO] - 14 	 6 	 -64.9817 	 0.7883
[2021-11-10 17:58:07,626][src.init][INFO] - 15 	 5 	 -142.9830 	 0.7792
[2021-11-10 17:58:13,088][src.init][INFO] - 16 	 5 	 -48.5996 	 0.9259
[2021-11-10 17:58:18,451][src.init][INFO] - 17 	 5 	 -63.8378 	 0.9428
[2021-11-10 17:58:23,870][src.init][INFO] - 18 	 5 	 -108.4327 	 0.9467
[2021-11-10 17:58:29,257][src.init][INFO] - 19 	 5 	 -137.4357 	 0.9388
[2021-11-10 17:58:34,714][src.init][INFO] - 20 	 5 	 -198.5355 	 0.9409
[2021-11-10 17:58:35,456][src.init][INFO] - Test  	 loss: 0.1673 	 acc: 0.9475
