[2021-11-12 12:13:40,465][src.init][INFO] - T_LeNet(
  (img): Identity()
  (conv1): Conv2d(1, 50, kernel_size=(5, 5), stride=(1, 1), padding=(2, 2), bias=False)
  (relu1): ReLU()
  (conv2): Conv2d(50, 64, kernel_size=(5, 5), stride=(1, 1), padding=(2, 2), bias=False)
  (relu2): ReLU()
  (fc1): Linear(in_features=3136, out_features=100, bias=False)
  (relu3): TReLU(100)
  (fc2): Linear(in_features=100, out_features=10, bias=True)
)
[2021-11-12 12:13:40,465][src.init][INFO] - Adam (
Parameter Group 0
    amsgrad: False
    betas: (0.9, 0.999)
    eps: 1e-08
    lr: 0.001
    weight_decay: 0.0
)
[2021-11-12 12:13:40,465][src.init][INFO] - None
[2021-11-12 12:13:40,466][src.init][INFO] -  Number of total trainable parameters: 395860
[2021-11-12 12:13:47,948][src.init][INFO] - 1 	 7 	 -300.6750 	 0.8309
[2021-11-12 12:13:53,554][src.init][INFO] - 2 	 6 	 -845.7444 	 0.8713
[2021-11-12 12:13:59,156][src.init][INFO] - 3 	 6 	 -1338.4865 	 0.8881
[2021-11-12 12:14:04,785][src.init][INFO] - 4 	 6 	 -1822.5355 	 0.8911
[2021-11-12 12:14:10,445][src.init][INFO] - 5 	 6 	 -2302.8450 	 0.8159
[2021-11-12 12:14:16,103][src.init][INFO] - 6 	 6 	 -2781.4548 	 0.7934
[2021-11-12 12:14:21,763][src.init][INFO] - 7 	 6 	 -3259.3809 	 0.8384
[2021-11-12 12:14:27,833][src.init][INFO] - 8 	 6 	 -3736.6595 	 0.8597
[2021-11-12 12:14:34,293][src.init][INFO] - 9 	 6 	 -4213.5256 	 0.8701
[2021-11-12 12:14:40,281][src.init][INFO] - 10 	 6 	 -4690.1578 	 0.8776
[2021-11-12 12:14:41,000][src.init][INFO] - Test  	 loss: 0.4688 	 acc: 0.8838
[2021-11-12 12:14:46,662][src.init][INFO] - 11 	 6 	 -5166.5444 	 0.8844
[2021-11-12 12:14:52,332][src.init][INFO] - 12 	 6 	 -5642.8776 	 0.8918
[2021-11-12 12:14:57,930][src.init][INFO] - 13 	 6 	 -6119.1668 	 0.8848
[2021-11-12 12:15:03,538][src.init][INFO] - 14 	 6 	 -6595.4642 	 0.8793
[2021-11-12 12:15:09,215][src.init][INFO] - 15 	 6 	 -7071.8800 	 0.9028
[2021-11-12 12:15:14,902][src.init][INFO] - 16 	 6 	 -7548.1872 	 0.8933
[2021-11-12 12:15:20,577][src.init][INFO] - 17 	 6 	 -8024.4738 	 0.8902
[2021-11-12 12:15:26,269][src.init][INFO] - 18 	 6 	 -8500.6540 	 0.8809
[2021-11-12 12:15:31,938][src.init][INFO] - 19 	 6 	 -8976.8760 	 0.8736
[2021-11-12 12:15:37,581][src.init][INFO] - 20 	 6 	 -9452.7486 	 0.6795
[2021-11-12 12:15:38,296][src.init][INFO] - Test  	 loss: 0.5004 	 acc: 0.8106
