[2021-11-12 11:47:22,333][src.init][INFO] - T_LeNet(
  (img): Identity()
  (conv1): Conv2d(1, 50, kernel_size=(5, 5), stride=(1, 1), padding=(2, 2), bias=False)
  (relu1): ReLU()
  (conv2): Conv2d(50, 64, kernel_size=(5, 5), stride=(1, 1), padding=(2, 2), bias=False)
  (relu2): TReLU(64)
  (fc1): Linear(in_features=3136, out_features=100, bias=False)
  (relu3): TReLU(100)
  (fc2): Linear(in_features=100, out_features=10, bias=True)
)
[2021-11-12 11:47:22,334][src.init][INFO] - Adam (
Parameter Group 0
    amsgrad: False
    betas: (0.9, 0.999)
    eps: 1e-08
    lr: 0.001
    weight_decay: 0.0
)
[2021-11-12 11:47:22,334][src.init][INFO] - None
[2021-11-12 11:47:22,335][src.init][INFO] -  Number of total trainable parameters: 395860
[2021-11-12 11:47:29,085][src.init][INFO] - 1 	 7 	 -0.5141 	 0.9478
[2021-11-12 11:47:34,703][src.init][INFO] - 2 	 6 	 -0.7284 	 0.9824
[2021-11-12 11:47:40,492][src.init][INFO] - 3 	 6 	 -0.7516 	 0.9876
[2021-11-12 11:47:46,227][src.init][INFO] - 4 	 6 	 -0.7636 	 0.9897
[2021-11-12 11:47:52,085][src.init][INFO] - 5 	 6 	 -0.7670 	 0.9898
[2021-11-12 11:47:58,104][src.init][INFO] - 6 	 6 	 -0.7751 	 0.9922
[2021-11-12 11:48:04,412][src.init][INFO] - 7 	 6 	 -0.7796 	 0.9934
[2021-11-12 11:48:10,626][src.init][INFO] - 8 	 6 	 -0.7830 	 0.9944
[2021-11-12 11:48:16,784][src.init][INFO] - 9 	 6 	 -0.7826 	 0.9942
[2021-11-12 11:48:23,024][src.init][INFO] - 10 	 6 	 -0.7855 	 0.9947
[2021-11-12 11:48:23,767][src.init][INFO] - Test  	 loss: 0.0368 	 acc: 0.9898
[2021-11-12 11:48:29,960][src.init][INFO] - 11 	 6 	 -0.7879 	 0.9957
[2021-11-12 11:48:36,225][src.init][INFO] - 12 	 6 	 -0.7869 	 0.9955
[2021-11-12 11:48:42,018][src.init][INFO] - 13 	 6 	 -0.7881 	 0.9960
[2021-11-12 11:48:47,863][src.init][INFO] - 14 	 6 	 -0.7895 	 0.9959
[2021-11-12 11:48:53,295][src.init][INFO] - 15 	 5 	 -0.7917 	 0.9969
[2021-11-12 11:48:58,866][src.init][INFO] - 16 	 6 	 -0.7940 	 0.9975
[2021-11-12 11:49:05,014][src.init][INFO] - 17 	 6 	 -0.7903 	 0.9964
[2021-11-12 11:49:11,040][src.init][INFO] - 18 	 6 	 -0.7908 	 0.9967
[2021-11-12 11:49:17,289][src.init][INFO] - 19 	 6 	 -0.7908 	 0.9966
[2021-11-12 11:49:23,526][src.init][INFO] - 20 	 6 	 -0.7961 	 0.9983
[2021-11-12 11:49:24,280][src.init][INFO] - Test  	 loss: 0.0553 	 acc: 0.9886
